# JRE version: 7.0_21-b11
# Java VM: Java HotSpot(TM) 64-Bit Server VM (23.21-b01 mixed mode linux-amd64 compressed oops)
Heap
 PSYoungGen      total 93952K, used 58240K [0x00000000f5560000, 0x0000000100000000, 0x0000000100000000)
  eden space 58240K, 100% used [0x00000000f5560000,0x00000000f8e40000,0x00000000f8e40000)
  from space 35712K, 0% used [0x00000000fdd20000,0x00000000fdd20000,0x0000000100000000)
  to   space 58240K, 41% used [0x00000000f8e40000,0x00000000fa5c2468,0x00000000fc720000)
 ParOldGen       total 349568K, used 82525K [0x00000000e0000000, 0x00000000f5560000, 0x00000000f5560000)
  object space 349568K, 23% used [0x00000000e0000000,0x00000000e5097458,0x00000000f5560000)
 PSPermGen       total 28608K, used 15989K [0x00000000dae00000, 0x00000000dc9f0000, 0x00000000e0000000)
  object space 28608K, 55% used [0x00000000dae00000,0x00000000dbd9d4c0,0x00000000dc9f0000)
GC Heap History (10 events):
Event: 5,907 GC heap after
Heap after GC invocations=6 (full 1):
 PSYoungGen      total 65856K, used 0K [0x00000000f5560000, 0x0000000100000000, 0x0000000100000000)
  eden space 63232K, 0% used [0x00000000f5560000,0x00000000f5560000,0x00000000f9320000)
  from space 2624K, 0% used [0x00000000f9320000,0x00000000f9320000,0x00000000f95b0000)
  to   space 27904K, 0% used [0x00000000fe4c0000,0x00000000fe4c0000,0x0000000100000000)
 ParOldGen       total 89856K, used 37992K [0x00000000e0000000, 0x00000000e57c0000, 0x00000000f5560000)
  object space 89856K, 42% used [0x00000000e0000000,0x00000000e251a300,0x00000000e57c0000)
 PSPermGen       total 21888K, used 10803K [0x00000000dae00000, 0x00000000dc360000, 0x00000000e0000000)
  object space 21888K, 49% used [0x00000000dae00000,0x00000000db88ce58,0x00000000dc360000)
}
Event: 6,779 GC heap before
{Heap before GC invocations=7 (full 1):
 PSYoungGen      total 65856K, used 63232K [0x00000000f5560000, 0x0000000100000000, 0x0000000100000000)
  eden space 63232K, 100% used [0x00000000f5560000,0x00000000f9320000,0x00000000f9320000)
  from space 2624K, 0% used [0x00000000f9320000,0x00000000f9320000,0x00000000f95b0000)
  to   space 27904K, 0% used [0x00000000fe4c0000,0x00000000fe4c0000,0x0000000100000000)
 ParOldGen       total 89856K, used 37992K [0x00000000e0000000, 0x00000000e57c0000, 0x00000000f5560000)
  object space 89856K, 42% used [0x00000000e0000000,0x00000000e251a300,0x00000000e57c0000)
 PSPermGen       total 21888K, used 10888K [0x00000000dae00000, 0x00000000dc360000, 0x00000000e0000000)
  object space 21888K, 49% used [0x00000000dae00000,0x00000000db8a2068,0x00000000dc360000)
Event: 6,843 GC heap after
Heap after GC invocations=7 (full 1):
 PSYoungGen      total 108800K, used 24640K [0x00000000f5560000, 0x00000000ffce0000, 0x0000000100000000)
  eden space 84096K, 0% used [0x00000000f5560000,0x00000000f5560000,0x00000000fa780000)
  from space 24704K, 99% used [0x00000000fe4c0000,0x00000000ffcd0030,0x00000000ffce0000)
  to   space 32512K, 0% used [0x00000000fbd60000,0x00000000fbd60000,0x00000000fdd20000)
 ParOldGen       total 89856K, used 37992K [0x00000000e0000000, 0x00000000e57c0000, 0x00000000f5560000)
  object space 89856K, 42% used [0x00000000e0000000,0x00000000e251a300,0x00000000e57c0000)
 PSPermGen       total 21888K, used 10888K [0x00000000dae00000, 0x00000000dc360000, 0x00000000e0000000)
  object space 21888K, 49% used [0x00000000dae00000,0x00000000db8a2068,0x00000000dc360000)
}
Event: 8,468 GC heap before
{Heap before GC invocations=8 (full 1):
 PSYoungGen      total 108800K, used 108736K [0x00000000f5560000, 0x00000000ffce0000, 0x0000000100000000)
  eden space 84096K, 100% used [0x00000000f5560000,0x00000000fa780000,0x00000000fa780000)
  from space 24704K, 99% used [0x00000000fe4c0000,0x00000000ffcd0030,0x00000000ffce0000)
  to   space 32512K, 0% used [0x00000000fbd60000,0x00000000fbd60000,0x00000000fdd20000)
 ParOldGen       total 89856K, used 37992K [0x00000000e0000000, 0x00000000e57c0000, 0x00000000f5560000)
  object space 89856K, 42% used [0x00000000e0000000,0x00000000e251a300,0x00000000e57c0000)
 PSPermGen       total 21888K, used 11186K [0x00000000dae00000, 0x00000000dc360000, 0x00000000e0000000)
  object space 21888K, 51% used [0x00000000dae00000,0x00000000db8ecb38,0x00000000dc360000)
Event: 8,614 GC heap after
Heap after GC invocations=8 (full 1):
 PSYoungGen      total 139008K, used 32496K [0x00000000f5560000, 0x0000000100000000, 0x0000000100000000)
  eden space 106496K, 0% used [0x00000000f5560000,0x00000000f5560000,0x00000000fbd60000)
  from space 32512K, 99% used [0x00000000fbd60000,0x00000000fdd1c080,0x00000000fdd20000)
  to   space 35712K, 0% used [0x00000000fdd20000,0x00000000fdd20000,0x0000000100000000)
 ParOldGen       total 89856K, used 59630K [0x00000000e0000000, 0x00000000e57c0000, 0x00000000f5560000)
  object space 89856K, 66% used [0x00000000e0000000,0x00000000e3a3ba40,0x00000000e57c0000)
 PSPermGen       total 21888K, used 11186K [0x00000000dae00000, 0x00000000dc360000, 0x00000000e0000000)
  object space 21888K, 51% used [0x00000000dae00000,0x00000000db8ecb38,0x00000000dc360000)
}
Event: 11,933 GC heap before
{Heap before GC invocations=9 (full 1):
 PSYoungGen      total 139008K, used 138992K [0x00000000f5560000, 0x0000000100000000, 0x0000000100000000)
  eden space 106496K, 100% used [0x00000000f5560000,0x00000000fbd60000,0x00000000fbd60000)
  from space 32512K, 99% used [0x00000000fbd60000,0x00000000fdd1c080,0x00000000fdd20000)
  to   space 35712K, 0% used [0x00000000fdd20000,0x00000000fdd20000,0x0000000100000000)
 ParOldGen       total 89856K, used 59630K [0x00000000e0000000, 0x00000000e57c0000, 0x00000000f5560000)
  object space 89856K, 66% used [0x00000000e0000000,0x00000000e3a3ba40,0x00000000e57c0000)
 PSPermGen       total 21888K, used 15800K [0x00000000dae00000, 0x00000000dc360000, 0x00000000e0000000)
  object space 21888K, 72% used [0x00000000dae00000,0x00000000dbd6e1a0,0x00000000dc360000)
Event: 12,050 GC heap after
Heap after GC invocations=9 (full 1):
 PSYoungGen      total 93952K, used 35705K [0x00000000f5560000, 0x0000000100000000, 0x0000000100000000)
  eden space 58240K, 0% used [0x00000000f5560000,0x00000000f5560000,0x00000000f8e40000)
  from space 35712K, 99% used [0x00000000fdd20000,0x00000000ffffe728,0x0000000100000000)
  to   space 58240K, 0% used [0x00000000f8e40000,0x00000000f8e40000,0x00000000fc720000)
 ParOldGen       total 89856K, used 73288K [0x00000000e0000000, 0x00000000e57c0000, 0x00000000f5560000)
  object space 89856K, 81% used [0x00000000e0000000,0x00000000e47923c8,0x00000000e57c0000)
 PSPermGen       total 21888K, used 15800K [0x00000000dae00000, 0x00000000dc360000, 0x00000000e0000000)
  object space 21888K, 72% used [0x00000000dae00000,0x00000000dbd6e1a0,0x00000000dc360000)
}
Event: 12,050 GC heap before
{Heap before GC invocations=10 (full 2):
 PSYoungGen      total 93952K, used 35705K [0x00000000f5560000, 0x0000000100000000, 0x0000000100000000)
  eden space 58240K, 0% used [0x00000000f5560000,0x00000000f5560000,0x00000000f8e40000)
  from space 35712K, 99% used [0x00000000fdd20000,0x00000000ffffe728,0x0000000100000000)
  to   space 58240K, 0% used [0x00000000f8e40000,0x00000000f8e40000,0x00000000fc720000)
 ParOldGen       total 89856K, used 73288K [0x00000000e0000000, 0x00000000e57c0000, 0x00000000f5560000)
  object space 89856K, 81% used [0x00000000e0000000,0x00000000e47923c8,0x00000000e57c0000)
 PSPermGen       total 21888K, used 15800K [0x00000000dae00000, 0x00000000dc360000, 0x00000000e0000000)
  object space 21888K, 72% used [0x00000000dae00000,0x00000000dbd6e1a0,0x00000000dc360000)
Event: 12,565 GC heap after
Heap after GC invocations=10 (full 2):
 PSYoungGen      total 93952K, used 0K [0x00000000f5560000, 0x0000000100000000, 0x0000000100000000)
  eden space 58240K, 0% used [0x00000000f5560000,0x00000000f5560000,0x00000000f8e40000)
  from space 35712K, 0% used [0x00000000fdd20000,0x00000000fdd20000,0x0000000100000000)
  to   space 58240K, 0% used [0x00000000f8e40000,0x00000000f8e40000,0x00000000fc720000)
 ParOldGen       total 153792K, used 82525K [0x00000000e0000000, 0x00000000e9630000, 0x00000000f5560000)
  object space 153792K, 53% used [0x00000000e0000000,0x00000000e5097458,0x00000000e9630000)
 PSPermGen       total 28608K, used 15798K [0x00000000dae00000, 0x00000000dc9f0000, 0x00000000e0000000)
  object space 28608K, 55% used [0x00000000dae00000,0x00000000dbd6db08,0x00000000dc9f0000)
}
Event: 13,387 GC heap before
{Heap before GC invocations=11 (full 2):
 PSYoungGen      total 93952K, used 58240K [0x00000000f5560000, 0x0000000100000000, 0x0000000100000000)
  eden space 58240K, 100% used [0x00000000f5560000,0x00000000f8e40000,0x00000000f8e40000)
  from space 35712K, 0% used [0x00000000fdd20000,0x00000000fdd20000,0x0000000100000000)
  to   space 58240K, 0% used [0x00000000f8e40000,0x00000000f8e40000,0x00000000fc720000)
 ParOldGen       total 153792K, used 82525K [0x00000000e0000000, 0x00000000e9630000, 0x00000000f5560000)
  object space 153792K, 53% used [0x00000000e0000000,0x00000000e5097458,0x00000000e9630000)
 PSPermGen       total 28608K, used 15989K [0x00000000dae00000, 0x00000000dc9f0000, 0x00000000e0000000)
  object space 28608K, 55% used [0x00000000dae00000,0x00000000dbd9d4c0,0x00000000dc9f0000)

