# JRE version: 7.0_21-b11
# Java VM: Java HotSpot(TM) 64-Bit Server VM (23.21-b01 mixed mode linux-amd64 compressed oops)
Heap
 PSYoungGen      total 153472K, used 12788K [0x00000000f5560000, 0x0000000100000000, 0x0000000100000000)
  eden space 140672K, 0% used [0x00000000f5560000,0x00000000f5560000,0x00000000fdec0000)
  from space 12800K, 99% used [0x00000000ff380000,0x00000000ffffd118,0x0000000100000000)
  to   space 17024K, 0% used [0x00000000fdec0000,0x00000000fdec0000,0x00000000fef60000)
 ParOldGen       total 42240K, used 37114K [0x00000000e0000000, 0x00000000e2940000, 0x00000000f5560000)
  object space 42240K, 87% used [0x00000000e0000000,0x00000000e243e8d0,0x00000000e2940000)
 PSPermGen       total 21248K, used 9090K [0x00000000dae00000, 0x00000000dc2c0000, 0x00000000e0000000)
  object space 21248K, 42% used [0x00000000dae00000,0x00000000db6e0a00,0x00000000dc2c0000)
GC Heap History (10 events):
Event: 13,720 GC heap after
Heap after GC invocations=6 (full 0):
 PSYoungGen      total 138176K, used 2816K [0x00000000f5560000, 0x00000000fe8c0000, 0x0000000100000000)
  eden space 126208K, 0% used [0x00000000f5560000,0x00000000f5560000,0x00000000fd0a0000)
  from space 11968K, 23% used [0x00000000fdc90000,0x00000000fdf50000,0x00000000fe840000)
  to   space 12224K, 0% used [0x00000000fd0a0000,0x00000000fd0a0000,0x00000000fdc90000)
 ParOldGen       total 42240K, used 29027K [0x00000000e0000000, 0x00000000e2940000, 0x00000000f5560000)
  object space 42240K, 68% used [0x00000000e0000000,0x00000000e1c58e00,0x00000000e2940000)
 PSPermGen       total 21248K, used 7444K [0x00000000dae00000, 0x00000000dc2c0000, 0x00000000e0000000)
  object space 21248K, 35% used [0x00000000dae00000,0x00000000db545398,0x00000000dc2c0000)
}
Event: 16,790 GC heap before
{Heap before GC invocations=7 (full 0):
 PSYoungGen      total 138176K, used 129024K [0x00000000f5560000, 0x00000000fe8c0000, 0x0000000100000000)
  eden space 126208K, 100% used [0x00000000f5560000,0x00000000fd0a0000,0x00000000fd0a0000)
  from space 11968K, 23% used [0x00000000fdc90000,0x00000000fdf50000,0x00000000fe840000)
  to   space 12224K, 0% used [0x00000000fd0a0000,0x00000000fd0a0000,0x00000000fdc90000)
 ParOldGen       total 42240K, used 29027K [0x00000000e0000000, 0x00000000e2940000, 0x00000000f5560000)
  object space 42240K, 68% used [0x00000000e0000000,0x00000000e1c58e00,0x00000000e2940000)
 PSPermGen       total 21248K, used 7948K [0x00000000dae00000, 0x00000000dc2c0000, 0x00000000e0000000)
  object space 21248K, 37% used [0x00000000dae00000,0x00000000db5c3270,0x00000000dc2c0000)
Event: 16,855 GC heap after
Heap after GC invocations=7 (full 0):
 PSYoungGen      total 138432K, used 1795K [0x00000000f5560000, 0x0000000100000000, 0x0000000100000000)
  eden space 126208K, 0% used [0x00000000f5560000,0x00000000f5560000,0x00000000fd0a0000)
  from space 12224K, 14% used [0x00000000fd0a0000,0x00000000fd260cb0,0x00000000fdc90000)
  to   space 12480K, 0% used [0x00000000ff3d0000,0x00000000ff3d0000,0x0000000100000000)
 ParOldGen       total 42240K, used 30439K [0x00000000e0000000, 0x00000000e2940000, 0x00000000f5560000)
  object space 42240K, 72% used [0x00000000e0000000,0x00000000e1db9e10,0x00000000e2940000)
 PSPermGen       total 21248K, used 7948K [0x00000000dae00000, 0x00000000dc2c0000, 0x00000000e0000000)
  object space 21248K, 37% used [0x00000000dae00000,0x00000000db5c3270,0x00000000dc2c0000)
}
Event: 17,664 GC heap before
{Heap before GC invocations=8 (full 0):
 PSYoungGen      total 138432K, used 128003K [0x00000000f5560000, 0x0000000100000000, 0x0000000100000000)
  eden space 126208K, 100% used [0x00000000f5560000,0x00000000fd0a0000,0x00000000fd0a0000)
  from space 12224K, 14% used [0x00000000fd0a0000,0x00000000fd260cb0,0x00000000fdc90000)
  to   space 12480K, 0% used [0x00000000ff3d0000,0x00000000ff3d0000,0x0000000100000000)
 ParOldGen       total 42240K, used 30439K [0x00000000e0000000, 0x00000000e2940000, 0x00000000f5560000)
  object space 42240K, 72% used [0x00000000e0000000,0x00000000e1db9e10,0x00000000e2940000)
 PSPermGen       total 21248K, used 7980K [0x00000000dae00000, 0x00000000dc2c0000, 0x00000000e0000000)
  object space 21248K, 37% used [0x00000000dae00000,0x00000000db5cb368,0x00000000dc2c0000)
Event: 17,687 GC heap after
Heap after GC invocations=8 (full 0):
 PSYoungGen      total 161728K, used 288K [0x00000000f5560000, 0x0000000100000000, 0x0000000100000000)
  eden space 149248K, 0% used [0x00000000f5560000,0x00000000f5560000,0x00000000fe720000)
  from space 12480K, 2% used [0x00000000ff3d0000,0x00000000ff418000,0x0000000100000000)
  to   space 12736K, 0% used [0x00000000fe720000,0x00000000fe720000,0x00000000ff390000)
 ParOldGen       total 42240K, used 31623K [0x00000000e0000000, 0x00000000e2940000, 0x00000000f5560000)
  object space 42240K, 74% used [0x00000000e0000000,0x00000000e1ee1e10,0x00000000e2940000)
 PSPermGen       total 21248K, used 7980K [0x00000000dae00000, 0x00000000dc2c0000, 0x00000000e0000000)
  object space 21248K, 37% used [0x00000000dae00000,0x00000000db5cb368,0x00000000dc2c0000)
}
Event: 18,409 GC heap before
{Heap before GC invocations=9 (full 0):
 PSYoungGen      total 161728K, used 149536K [0x00000000f5560000, 0x0000000100000000, 0x0000000100000000)
  eden space 149248K, 100% used [0x00000000f5560000,0x00000000fe720000,0x00000000fe720000)
  from space 12480K, 2% used [0x00000000ff3d0000,0x00000000ff418000,0x0000000100000000)
  to   space 12736K, 0% used [0x00000000fe720000,0x00000000fe720000,0x00000000ff390000)
 ParOldGen       total 42240K, used 31623K [0x00000000e0000000, 0x00000000e2940000, 0x00000000f5560000)
  object space 42240K, 74% used [0x00000000e0000000,0x00000000e1ee1e10,0x00000000e2940000)
 PSPermGen       total 21248K, used 7996K [0x00000000dae00000, 0x00000000dc2c0000, 0x00000000e0000000)
  object space 21248K, 37% used [0x00000000dae00000,0x00000000db5cf078,0x00000000dc2c0000)
Event: 18,419 GC heap after
Heap after GC invocations=9 (full 0):
 PSYoungGen      total 149440K, used 160K [0x00000000f5560000, 0x0000000100000000, 0x0000000100000000)
  eden space 149248K, 0% used [0x00000000f5560000,0x00000000f5560000,0x00000000fe720000)
  from space 192K, 83% used [0x00000000fe720000,0x00000000fe748000,0x00000000fe750000)
  to   space 12800K, 0% used [0x00000000ff380000,0x00000000ff380000,0x0000000100000000)
 ParOldGen       total 42240K, used 31703K [0x00000000e0000000, 0x00000000e2940000, 0x00000000f5560000)
  object space 42240K, 75% used [0x00000000e0000000,0x00000000e1ef5e10,0x00000000e2940000)
 PSPermGen       total 21248K, used 7996K [0x00000000dae00000, 0x00000000dc2c0000, 0x00000000e0000000)
  object space 21248K, 37% used [0x00000000dae00000,0x00000000db5cf078,0x00000000dc2c0000)
}
Event: 23,728 GC heap before
{Heap before GC invocations=10 (full 0):
 PSYoungGen      total 149440K, used 149408K [0x00000000f5560000, 0x0000000100000000, 0x0000000100000000)
  eden space 149248K, 100% used [0x00000000f5560000,0x00000000fe720000,0x00000000fe720000)
  from space 192K, 83% used [0x00000000fe720000,0x00000000fe748000,0x00000000fe750000)
  to   space 12800K, 0% used [0x00000000ff380000,0x00000000ff380000,0x0000000100000000)
 ParOldGen       total 42240K, used 31703K [0x00000000e0000000, 0x00000000e2940000, 0x00000000f5560000)
  object space 42240K, 75% used [0x00000000e0000000,0x00000000e1ef5e10,0x00000000e2940000)
 PSPermGen       total 21248K, used 9090K [0x00000000dae00000, 0x00000000dc2c0000, 0x00000000e0000000)
  object space 21248K, 42% used [0x00000000dae00000,0x00000000db6e0a00,0x00000000dc2c0000)
Event: 23,846 GC heap after
Heap after GC invocations=10 (full 0):
 PSYoungGen      total 153472K, used 12788K [0x00000000f5560000, 0x0000000100000000, 0x0000000100000000)
  eden space 140672K, 0% used [0x00000000f5560000,0x00000000f5560000,0x00000000fdec0000)
  from space 12800K, 99% used [0x00000000ff380000,0x00000000ffffd118,0x0000000100000000)
  to   space 17024K, 0% used [0x00000000fdec0000,0x00000000fdec0000,0x00000000fef60000)
 ParOldGen       total 42240K, used 37114K [0x00000000e0000000, 0x00000000e2940000, 0x00000000f5560000)
  object space 42240K, 87% used [0x00000000e0000000,0x00000000e243e8d0,0x00000000e2940000)
 PSPermGen       total 21248K, used 9090K [0x00000000dae00000, 0x00000000dc2c0000, 0x00000000e0000000)
  object space 21248K, 42% used [0x00000000dae00000,0x00000000db6e0a00,0x00000000dc2c0000)
}
Event: 23,846 GC heap before
{Heap before GC invocations=11 (full 1):
 PSYoungGen      total 153472K, used 12788K [0x00000000f5560000, 0x0000000100000000, 0x0000000100000000)
  eden space 140672K, 0% used [0x00000000f5560000,0x00000000f5560000,0x00000000fdec0000)
  from space 12800K, 99% used [0x00000000ff380000,0x00000000ffffd118,0x0000000100000000)
  to   space 17024K, 0% used [0x00000000fdec0000,0x00000000fdec0000,0x00000000fef60000)
 ParOldGen       total 42240K, used 37114K [0x00000000e0000000, 0x00000000e2940000, 0x00000000f5560000)
  object space 42240K, 87% used [0x00000000e0000000,0x00000000e243e8d0,0x00000000e2940000)
 PSPermGen       total 21248K, used 9090K [0x00000000dae00000, 0x00000000dc2c0000, 0x00000000e0000000)
  object space 21248K, 42% used [0x00000000dae00000,0x00000000db6e0a00,0x00000000dc2c0000)

