# JRE version: 7.0_21-b11
# Java VM: Java HotSpot(TM) 64-Bit Server VM (23.21-b01 mixed mode linux-amd64 compressed oops)
Heap
 PSYoungGen      total 34240K, used 34208K [0x00000000f5560000, 0x00000000f7960000, 0x0000000100000000)
  eden space 31616K, 100% used [0x00000000f5560000,0x00000000f7440000,0x00000000f7440000)
  from space 2624K, 98% used [0x00000000f76d0000,0x00000000f7958020,0x00000000f7960000)
  to   space 2624K, 100% used [0x00000000f7440000,0x00000000f76d0000,0x00000000f76d0000)
 ParOldGen       total 42240K, used 16937K [0x00000000e0000000, 0x00000000e2940000, 0x00000000f5560000)
  object space 42240K, 40% used [0x00000000e0000000,0x00000000e108a688,0x00000000e2940000)
 PSPermGen       total 21248K, used 5617K [0x00000000dae00000, 0x00000000dc2c0000, 0x00000000e0000000)
  object space 21248K, 26% used [0x00000000dae00000,0x00000000db37c630,0x00000000dc2c0000)
GC Heap History (5 events):
Event: 1,414 GC heap before
{Heap before GC invocations=1 (full 0):
 PSYoungGen      total 18432K, used 15808K [0x00000000f5560000, 0x00000000f69f0000, 0x0000000100000000)
  eden space 15808K, 100% used [0x00000000f5560000,0x00000000f64d0000,0x00000000f64d0000)
  from space 2624K, 0% used [0x00000000f6760000,0x00000000f6760000,0x00000000f69f0000)
  to   space 2624K, 0% used [0x00000000f64d0000,0x00000000f64d0000,0x00000000f6760000)
 ParOldGen       total 42240K, used 0K [0x00000000e0000000, 0x00000000e2940000, 0x00000000f5560000)
  object space 42240K, 0% used [0x00000000e0000000,0x00000000e0000000,0x00000000e2940000)
 PSPermGen       total 21248K, used 4776K [0x00000000dae00000, 0x00000000dc2c0000, 0x00000000e0000000)
  object space 21248K, 22% used [0x00000000dae00000,0x00000000db2aa370,0x00000000dc2c0000)
Event: 1,450 GC heap after
Heap after GC invocations=1 (full 0):
 PSYoungGen      total 18432K, used 2484K [0x00000000f5560000, 0x00000000f7960000, 0x0000000100000000)
  eden space 15808K, 0% used [0x00000000f5560000,0x00000000f5560000,0x00000000f64d0000)
  from space 2624K, 94% used [0x00000000f64d0000,0x00000000f673d3f0,0x00000000f6760000)
  to   space 2624K, 0% used [0x00000000f76d0000,0x00000000f76d0000,0x00000000f7960000)
 ParOldGen       total 42240K, used 6534K [0x00000000e0000000, 0x00000000e2940000, 0x00000000f5560000)
  object space 42240K, 15% used [0x00000000e0000000,0x00000000e06618a0,0x00000000e2940000)
 PSPermGen       total 21248K, used 4776K [0x00000000dae00000, 0x00000000dc2c0000, 0x00000000e0000000)
  object space 21248K, 22% used [0x00000000dae00000,0x00000000db2aa370,0x00000000dc2c0000)
}
Event: 2,274 GC heap before
{Heap before GC invocations=2 (full 0):
 PSYoungGen      total 18432K, used 18292K [0x00000000f5560000, 0x00000000f7960000, 0x0000000100000000)
  eden space 15808K, 100% used [0x00000000f5560000,0x00000000f64d0000,0x00000000f64d0000)
  from space 2624K, 94% used [0x00000000f64d0000,0x00000000f673d3f0,0x00000000f6760000)
  to   space 2624K, 0% used [0x00000000f76d0000,0x00000000f76d0000,0x00000000f7960000)
 ParOldGen       total 42240K, used 6534K [0x00000000e0000000, 0x00000000e2940000, 0x00000000f5560000)
  object space 42240K, 15% used [0x00000000e0000000,0x00000000e06618a0,0x00000000e2940000)
 PSPermGen       total 21248K, used 5173K [0x00000000dae00000, 0x00000000dc2c0000, 0x00000000e0000000)
  object space 21248K, 24% used [0x00000000dae00000,0x00000000db30d5c8,0x00000000dc2c0000)
Event: 2,309 GC heap after
Heap after GC invocations=2 (full 0):
 PSYoungGen      total 34240K, used 2592K [0x00000000f5560000, 0x00000000f7960000, 0x0000000100000000)
  eden space 31616K, 0% used [0x00000000f5560000,0x00000000f5560000,0x00000000f7440000)
  from space 2624K, 98% used [0x00000000f76d0000,0x00000000f7958020,0x00000000f7960000)
  to   space 2624K, 0% used [0x00000000f7440000,0x00000000f7440000,0x00000000f76d0000)
 ParOldGen       total 42240K, used 10378K [0x00000000e0000000, 0x00000000e2940000, 0x00000000f5560000)
  object space 42240K, 24% used [0x00000000e0000000,0x00000000e0a228e0,0x00000000e2940000)
 PSPermGen       total 21248K, used 5173K [0x00000000dae00000, 0x00000000dc2c0000, 0x00000000e0000000)
  object space 21248K, 24% used [0x00000000dae00000,0x00000000db30d5c8,0x00000000dc2c0000)
}
Event: 2,798 GC heap before
{Heap before GC invocations=3 (full 0):
 PSYoungGen      total 34240K, used 34208K [0x00000000f5560000, 0x00000000f7960000, 0x0000000100000000)
  eden space 31616K, 100% used [0x00000000f5560000,0x00000000f7440000,0x00000000f7440000)
  from space 2624K, 98% used [0x00000000f76d0000,0x00000000f7958020,0x00000000f7960000)
  to   space 2624K, 0% used [0x00000000f7440000,0x00000000f7440000,0x00000000f76d0000)
 ParOldGen       total 42240K, used 10378K [0x00000000e0000000, 0x00000000e2940000, 0x00000000f5560000)
  object space 42240K, 24% used [0x00000000e0000000,0x00000000e0a228e0,0x00000000e2940000)
 PSPermGen       total 21248K, used 5617K [0x00000000dae00000, 0x00000000dc2c0000, 0x00000000e0000000)
  object space 21248K, 26% used [0x00000000dae00000,0x00000000db37c630,0x00000000dc2c0000)

