# JRE version: 7.0_21-b11
# Java VM: Java HotSpot(TM) 64-Bit Server VM (23.21-b01 mixed mode linux-amd64 compressed oops)
Heap
 PSYoungGen      total 211328K, used 129756K [0x00000000eb600000, 0x00000000f8f10000, 0x0000000100000000)
  eden space 201344K, 60% used [0x00000000eb600000,0x00000000f2d8fbe0,0x00000000f7aa0000)
  from space 9984K, 73% used [0x00000000f84b0000,0x00000000f8bd7518,0x00000000f8e70000)
  to   space 10304K, 0% used [0x00000000f7aa0000,0x00000000f7aa0000,0x00000000f84b0000)
 ParOldGen       total 42240K, used 13105K [0x00000000c2200000, 0x00000000c4b40000, 0x00000000eb600000)
  object space 42240K, 31% used [0x00000000c2200000,0x00000000c2ecc480,0x00000000c4b40000)
 PSPermGen       total 25664K, used 25601K [0x00000000bd000000, 0x00000000be910000, 0x00000000c2200000)
  object space 25664K, 99% used [0x00000000bd000000,0x00000000be9007b0,0x00000000be910000)
GC Heap History (10 events):
Event: 5,646 GC heap before
{Heap before GC invocations=6 (full 0):
 PSYoungGen      total 34240K, used 34240K [0x00000000eb600000, 0x00000000f00c0000, 0x0000000100000000)
  eden space 31616K, 100% used [0x00000000eb600000,0x00000000ed4e0000,0x00000000ed4e0000)
  from space 2624K, 100% used [0x00000000ed4e0000,0x00000000ed770000,0x00000000ed770000)
  to   space 6656K, 0% used [0x00000000efa40000,0x00000000efa40000,0x00000000f00c0000)
 ParOldGen       total 42240K, used 6443K [0x00000000c2200000, 0x00000000c4b40000, 0x00000000eb600000)
  object space 42240K, 15% used [0x00000000c2200000,0x00000000c284ac10,0x00000000c4b40000)
 PSPermGen       total 21248K, used 13546K [0x00000000bd000000, 0x00000000be4c0000, 0x00000000c2200000)
  object space 21248K, 63% used [0x00000000bd000000,0x00000000bdd3a980,0x00000000be4c0000)
Event: 5,673 GC heap after
Heap after GC invocations=6 (full 0):
 PSYoungGen      total 69888K, used 4560K [0x00000000eb600000, 0x00000000f00c0000, 0x0000000100000000)
  eden space 63232K, 0% used [0x00000000eb600000,0x00000000eb600000,0x00000000ef3c0000)
  from space 6656K, 68% used [0x00000000efa40000,0x00000000efeb40d8,0x00000000f00c0000)
  to   space 6656K, 0% used [0x00000000ef3c0000,0x00000000ef3c0000,0x00000000efa40000)
 ParOldGen       total 42240K, used 6443K [0x00000000c2200000, 0x00000000c4b40000, 0x00000000eb600000)
  object space 42240K, 15% used [0x00000000c2200000,0x00000000c284ac10,0x00000000c4b40000)
 PSPermGen       total 21248K, used 13546K [0x00000000bd000000, 0x00000000be4c0000, 0x00000000c2200000)
  object space 21248K, 63% used [0x00000000bd000000,0x00000000bdd3a980,0x00000000be4c0000)
}
Event: 7,789 GC heap before
{Heap before GC invocations=7 (full 0):
 PSYoungGen      total 69888K, used 67792K [0x00000000eb600000, 0x00000000f00c0000, 0x0000000100000000)
  eden space 63232K, 100% used [0x00000000eb600000,0x00000000ef3c0000,0x00000000ef3c0000)
  from space 6656K, 68% used [0x00000000efa40000,0x00000000efeb40d8,0x00000000f00c0000)
  to   space 6656K, 0% used [0x00000000ef3c0000,0x00000000ef3c0000,0x00000000efa40000)
 ParOldGen       total 42240K, used 6443K [0x00000000c2200000, 0x00000000c4b40000, 0x00000000eb600000)
  object space 42240K, 15% used [0x00000000c2200000,0x00000000c284ac10,0x00000000c4b40000)
 PSPermGen       total 21248K, used 15083K [0x00000000bd000000, 0x00000000be4c0000, 0x00000000c2200000)
  object space 21248K, 70% used [0x00000000bd000000,0x00000000bdebac70,0x00000000be4c0000)
Event: 7,824 GC heap after
Heap after GC invocations=7 (full 0):
 PSYoungGen      total 69888K, used 6363K [0x00000000eb600000, 0x00000000f4020000, 0x0000000100000000)
  eden space 63232K, 0% used [0x00000000eb600000,0x00000000eb600000,0x00000000ef3c0000)
  from space 6656K, 95% used [0x00000000ef3c0000,0x00000000ef9f6cd8,0x00000000efa40000)
  to   space 7488K, 0% used [0x00000000f38d0000,0x00000000f38d0000,0x00000000f4020000)
 ParOldGen       total 42240K, used 7295K [0x00000000c2200000, 0x00000000c4b40000, 0x00000000eb600000)
  object space 42240K, 17% used [0x00000000c2200000,0x00000000c291fc70,0x00000000c4b40000)
 PSPermGen       total 21248K, used 15083K [0x00000000bd000000, 0x00000000be4c0000, 0x00000000c2200000)
  object space 21248K, 70% used [0x00000000bd000000,0x00000000bdebac70,0x00000000be4c0000)
}
Event: 9,533 GC heap before
{Heap before GC invocations=8 (full 0):
 PSYoungGen      total 69888K, used 69595K [0x00000000eb600000, 0x00000000f4020000, 0x0000000100000000)
  eden space 63232K, 100% used [0x00000000eb600000,0x00000000ef3c0000,0x00000000ef3c0000)
  from space 6656K, 95% used [0x00000000ef3c0000,0x00000000ef9f6cd8,0x00000000efa40000)
  to   space 7488K, 0% used [0x00000000f38d0000,0x00000000f38d0000,0x00000000f4020000)
 ParOldGen       total 42240K, used 7295K [0x00000000c2200000, 0x00000000c4b40000, 0x00000000eb600000)
  object space 42240K, 17% used [0x00000000c2200000,0x00000000c291fc70,0x00000000c4b40000)
 PSPermGen       total 21248K, used 16496K [0x00000000bd000000, 0x00000000be4c0000, 0x00000000c2200000)
  object space 21248K, 77% used [0x00000000bd000000,0x00000000be01c248,0x00000000be4c0000)
Event: 9,552 GC heap after
Heap after GC invocations=8 (full 0):
 PSYoungGen      total 133504K, used 6163K [0x00000000eb600000, 0x00000000f4100000, 0x0000000100000000)
  eden space 126016K, 0% used [0x00000000eb600000,0x00000000eb600000,0x00000000f3110000)
  from space 7488K, 82% used [0x00000000f38d0000,0x00000000f3ed4d08,0x00000000f4020000)
  to   space 7936K, 0% used [0x00000000f3110000,0x00000000f3110000,0x00000000f38d0000)
 ParOldGen       total 42240K, used 8135K [0x00000000c2200000, 0x00000000c4b40000, 0x00000000eb600000)
  object space 42240K, 19% used [0x00000000c2200000,0x00000000c29f1c70,0x00000000c4b40000)
 PSPermGen       total 21248K, used 16496K [0x00000000bd000000, 0x00000000be4c0000, 0x00000000c2200000)
  object space 21248K, 77% used [0x00000000bd000000,0x00000000be01c248,0x00000000be4c0000)
}
Event: 12,854 GC heap before
{Heap before GC invocations=9 (full 0):
 PSYoungGen      total 133504K, used 132179K [0x00000000eb600000, 0x00000000f4100000, 0x0000000100000000)
  eden space 126016K, 100% used [0x00000000eb600000,0x00000000f3110000,0x00000000f3110000)
  from space 7488K, 82% used [0x00000000f38d0000,0x00000000f3ed4d08,0x00000000f4020000)
  to   space 7936K, 0% used [0x00000000f3110000,0x00000000f3110000,0x00000000f38d0000)
 ParOldGen       total 42240K, used 8135K [0x00000000c2200000, 0x00000000c4b40000, 0x00000000eb600000)
  object space 42240K, 19% used [0x00000000c2200000,0x00000000c29f1c70,0x00000000c4b40000)
 PSPermGen       total 21248K, used 17804K [0x00000000bd000000, 0x00000000be4c0000, 0x00000000c2200000)
  object space 21248K, 83% used [0x00000000bd000000,0x00000000be1633e0,0x00000000be4c0000)
Event: 12,905 GC heap after
Heap after GC invocations=9 (full 0):
 PSYoungGen      total 133952K, used 7916K [0x00000000eb600000, 0x00000000f8e70000, 0x0000000100000000)
  eden space 126016K, 0% used [0x00000000eb600000,0x00000000eb600000,0x00000000f3110000)
  from space 7936K, 99% used [0x00000000f3110000,0x00000000f38cb008,0x00000000f38d0000)
  to   space 9984K, 0% used [0x00000000f84b0000,0x00000000f84b0000,0x00000000f8e70000)
 ParOldGen       total 42240K, used 10817K [0x00000000c2200000, 0x00000000c4b40000, 0x00000000eb600000)
  object space 42240K, 25% used [0x00000000c2200000,0x00000000c2c90480,0x00000000c4b40000)
 PSPermGen       total 21248K, used 17804K [0x00000000bd000000, 0x00000000be4c0000, 0x00000000c2200000)
  object space 21248K, 83% used [0x00000000bd000000,0x00000000be1633e0,0x00000000be4c0000)
}
Event: 93,810 GC heap before
{Heap before GC invocations=10 (full 0):
 PSYoungGen      total 133952K, used 133932K [0x00000000eb600000, 0x00000000f8e70000, 0x0000000100000000)
  eden space 126016K, 100% used [0x00000000eb600000,0x00000000f3110000,0x00000000f3110000)
  from space 7936K, 99% used [0x00000000f3110000,0x00000000f38cb008,0x00000000f38d0000)
  to   space 9984K, 0% used [0x00000000f84b0000,0x00000000f84b0000,0x00000000f8e70000)
 ParOldGen       total 42240K, used 10817K [0x00000000c2200000, 0x00000000c4b40000, 0x00000000eb600000)
  object space 42240K, 25% used [0x00000000c2200000,0x00000000c2c90480,0x00000000c4b40000)
 PSPermGen       total 21248K, used 19742K [0x00000000bd000000, 0x00000000be4c0000, 0x00000000c2200000)
  object space 21248K, 92% used [0x00000000bd000000,0x00000000be347938,0x00000000be4c0000)
Event: 93,844 GC heap after
Heap after GC invocations=10 (full 0):
 PSYoungGen      total 211328K, used 7325K [0x00000000eb600000, 0x00000000f8f10000, 0x0000000100000000)
  eden space 201344K, 0% used [0x00000000eb600000,0x00000000eb600000,0x00000000f7aa0000)
  from space 9984K, 73% used [0x00000000f84b0000,0x00000000f8bd7518,0x00000000f8e70000)
  to   space 10304K, 0% used [0x00000000f7aa0000,0x00000000f7aa0000,0x00000000f84b0000)
 ParOldGen       total 42240K, used 13105K [0x00000000c2200000, 0x00000000c4b40000, 0x00000000eb600000)
  object space 42240K, 31% used [0x00000000c2200000,0x00000000c2ecc480,0x00000000c4b40000)
 PSPermGen       total 21248K, used 19742K [0x00000000bd000000, 0x00000000be4c0000, 0x00000000c2200000)
  object space 21248K, 92% used [0x00000000bd000000,0x00000000be347938,0x00000000be4c0000)
}

