# JRE version: 7.0_21-b11
# Java VM: Java HotSpot(TM) 64-Bit Server VM (23.21-b01 mixed mode linux-amd64 compressed oops)
Heap
 PSYoungGen      total 153920K, used 30717K [0x00000000f5560000, 0x0000000100000000, 0x0000000100000000)
  eden space 133120K, 9% used [0x00000000f5560000,0x00000000f61ab0c8,0x00000000fd760000)
  from space 20800K, 87% used [0x00000000fd760000,0x00000000fe914468,0x00000000febb0000)
  to   space 20800K, 0% used [0x00000000febb0000,0x00000000febb0000,0x0000000100000000)
 ParOldGen       total 129024K, used 69180K [0x00000000e0000000, 0x00000000e7e00000, 0x00000000f5560000)
  object space 129024K, 53% used [0x00000000e0000000,0x00000000e438f1e8,0x00000000e7e00000)
 PSPermGen       total 21248K, used 9708K [0x00000000dae00000, 0x00000000dc2c0000, 0x00000000e0000000)
  object space 21248K, 45% used [0x00000000dae00000,0x00000000db77b250,0x00000000dc2c0000)
GC Heap History (10 events):
Event: 24,581 GC heap before
{Heap before GC invocations=11 (full 1):
 PSYoungGen      total 152768K, used 13876K [0x00000000f5560000, 0x0000000100000000, 0x0000000100000000)
  eden space 138880K, 0% used [0x00000000f5560000,0x00000000f5560000,0x00000000fdd00000)
  from space 13888K, 99% used [0x00000000ff220000,0x00000000fffad298,0x00000000fffb0000)
  to   space 17920K, 0% used [0x00000000fdd00000,0x00000000fdd00000,0x00000000fee80000)
 ParOldGen       total 42240K, used 35576K [0x00000000e0000000, 0x00000000e2940000, 0x00000000f5560000)
  object space 42240K, 84% used [0x00000000e0000000,0x00000000e22be0b0,0x00000000e2940000)
 PSPermGen       total 21248K, used 9214K [0x00000000dae00000, 0x00000000dc2c0000, 0x00000000e0000000)
  object space 21248K, 43% used [0x00000000dae00000,0x00000000db6ffb08,0x00000000dc2c0000)
Event: 25,230 GC heap after
Heap after GC invocations=11 (full 1):
 PSYoungGen      total 152768K, used 0K [0x00000000f5560000, 0x0000000100000000, 0x0000000100000000)
  eden space 138880K, 0% used [0x00000000f5560000,0x00000000f5560000,0x00000000fdd00000)
  from space 13888K, 0% used [0x00000000ff220000,0x00000000ff220000,0x00000000fffb0000)
  to   space 17920K, 0% used [0x00000000fdd00000,0x00000000fdd00000,0x00000000fee80000)
 ParOldGen       total 67264K, used 34064K [0x00000000e0000000, 0x00000000e41b0000, 0x00000000f5560000)
  object space 67264K, 50% used [0x00000000e0000000,0x00000000e2144138,0x00000000e41b0000)
 PSPermGen       total 21248K, used 9204K [0x00000000dae00000, 0x00000000dc2c0000, 0x00000000e0000000)
  object space 21248K, 43% used [0x00000000dae00000,0x00000000db6fd100,0x00000000dc2c0000)
}
Event: 26,578 GC heap before
{Heap before GC invocations=12 (full 1):
 PSYoungGen      total 152768K, used 138880K [0x00000000f5560000, 0x0000000100000000, 0x0000000100000000)
  eden space 138880K, 100% used [0x00000000f5560000,0x00000000fdd00000,0x00000000fdd00000)
  from space 13888K, 0% used [0x00000000ff220000,0x00000000ff220000,0x00000000fffb0000)
  to   space 17920K, 0% used [0x00000000fdd00000,0x00000000fdd00000,0x00000000fee80000)
 ParOldGen       total 67264K, used 34064K [0x00000000e0000000, 0x00000000e41b0000, 0x00000000f5560000)
  object space 67264K, 50% used [0x00000000e0000000,0x00000000e2144138,0x00000000e41b0000)
 PSPermGen       total 21248K, used 9255K [0x00000000dae00000, 0x00000000dc2c0000, 0x00000000e0000000)
  object space 21248K, 43% used [0x00000000dae00000,0x00000000db709e28,0x00000000dc2c0000)
Event: 26,593 GC heap after
Heap after GC invocations=12 (full 1):
 PSYoungGen      total 156800K, used 1280K [0x00000000f5560000, 0x0000000100000000, 0x0000000100000000)
  eden space 138880K, 0% used [0x00000000f5560000,0x00000000f5560000,0x00000000fdd00000)
  from space 17920K, 7% used [0x00000000fdd00000,0x00000000fde40020,0x00000000fee80000)
  to   space 17728K, 0% used [0x00000000feeb0000,0x00000000feeb0000,0x0000000100000000)
 ParOldGen       total 67264K, used 34064K [0x00000000e0000000, 0x00000000e41b0000, 0x00000000f5560000)
  object space 67264K, 50% used [0x00000000e0000000,0x00000000e2144138,0x00000000e41b0000)
 PSPermGen       total 21248K, used 9255K [0x00000000dae00000, 0x00000000dc2c0000, 0x00000000e0000000)
  object space 21248K, 43% used [0x00000000dae00000,0x00000000db709e28,0x00000000dc2c0000)
}
Event: 28,615 GC heap before
{Heap before GC invocations=13 (full 1):
 PSYoungGen      total 156800K, used 140160K [0x00000000f5560000, 0x0000000100000000, 0x0000000100000000)
  eden space 138880K, 100% used [0x00000000f5560000,0x00000000fdd00000,0x00000000fdd00000)
  from space 17920K, 7% used [0x00000000fdd00000,0x00000000fde40020,0x00000000fee80000)
  to   space 17728K, 0% used [0x00000000feeb0000,0x00000000feeb0000,0x0000000100000000)
 ParOldGen       total 67264K, used 34064K [0x00000000e0000000, 0x00000000e41b0000, 0x00000000f5560000)
  object space 67264K, 50% used [0x00000000e0000000,0x00000000e2144138,0x00000000e41b0000)
 PSPermGen       total 21248K, used 9601K [0x00000000dae00000, 0x00000000dc2c0000, 0x00000000e0000000)
  object space 21248K, 45% used [0x00000000dae00000,0x00000000db7607d0,0x00000000dc2c0000)
Event: 28,687 GC heap after
Heap after GC invocations=13 (full 1):
 PSYoungGen      total 150848K, used 17681K [0x00000000f5560000, 0x0000000100000000, 0x0000000100000000)
  eden space 133120K, 0% used [0x00000000f5560000,0x00000000f5560000,0x00000000fd760000)
  from space 17728K, 99% used [0x00000000feeb0000,0x00000000ffff4590,0x0000000100000000)
  to   space 20800K, 0% used [0x00000000fd760000,0x00000000fd760000,0x00000000febb0000)
 ParOldGen       total 67264K, used 34064K [0x00000000e0000000, 0x00000000e41b0000, 0x00000000f5560000)
  object space 67264K, 50% used [0x00000000e0000000,0x00000000e2144138,0x00000000e41b0000)
 PSPermGen       total 21248K, used 9601K [0x00000000dae00000, 0x00000000dc2c0000, 0x00000000e0000000)
  object space 21248K, 45% used [0x00000000dae00000,0x00000000db7607d0,0x00000000dc2c0000)
}
Event: 30,660 GC heap before
{Heap before GC invocations=14 (full 1):
 PSYoungGen      total 150848K, used 150801K [0x00000000f5560000, 0x0000000100000000, 0x0000000100000000)
  eden space 133120K, 100% used [0x00000000f5560000,0x00000000fd760000,0x00000000fd760000)
  from space 17728K, 99% used [0x00000000feeb0000,0x00000000ffff4590,0x0000000100000000)
  to   space 20800K, 0% used [0x00000000fd760000,0x00000000fd760000,0x00000000febb0000)
 ParOldGen       total 67264K, used 34064K [0x00000000e0000000, 0x00000000e41b0000, 0x00000000f5560000)
  object space 67264K, 50% used [0x00000000e0000000,0x00000000e2144138,0x00000000e41b0000)
 PSPermGen       total 21248K, used 9709K [0x00000000dae00000, 0x00000000dc2c0000, 0x00000000e0000000)
  object space 21248K, 45% used [0x00000000dae00000,0x00000000db77b608,0x00000000dc2c0000)
Event: 30,831 GC heap after
Heap after GC invocations=14 (full 1):
 PSYoungGen      total 153920K, used 20771K [0x00000000f5560000, 0x0000000100000000, 0x0000000100000000)
  eden space 133120K, 0% used [0x00000000f5560000,0x00000000f5560000,0x00000000fd760000)
  from space 20800K, 99% used [0x00000000fd760000,0x00000000feba8d40,0x00000000febb0000)
  to   space 20800K, 0% used [0x00000000febb0000,0x00000000febb0000,0x0000000100000000)
 ParOldGen       total 69184K, used 69056K [0x00000000e0000000, 0x00000000e4390000, 0x00000000f5560000)
  object space 69184K, 99% used [0x00000000e0000000,0x00000000e43701e8,0x00000000e4390000)
 PSPermGen       total 21248K, used 9709K [0x00000000dae00000, 0x00000000dc2c0000, 0x00000000e0000000)
  object space 21248K, 45% used [0x00000000dae00000,0x00000000db77b608,0x00000000dc2c0000)
}
Event: 30,831 GC heap before
{Heap before GC invocations=15 (full 2):
 PSYoungGen      total 153920K, used 20771K [0x00000000f5560000, 0x0000000100000000, 0x0000000100000000)
  eden space 133120K, 0% used [0x00000000f5560000,0x00000000f5560000,0x00000000fd760000)
  from space 20800K, 99% used [0x00000000fd760000,0x00000000feba8d40,0x00000000febb0000)
  to   space 20800K, 0% used [0x00000000febb0000,0x00000000febb0000,0x0000000100000000)
 ParOldGen       total 69184K, used 69056K [0x00000000e0000000, 0x00000000e4390000, 0x00000000f5560000)
  object space 69184K, 99% used [0x00000000e0000000,0x00000000e43701e8,0x00000000e4390000)
 PSPermGen       total 21248K, used 9709K [0x00000000dae00000, 0x00000000dc2c0000, 0x00000000e0000000)
  object space 21248K, 45% used [0x00000000dae00000,0x00000000db77b608,0x00000000dc2c0000)
Event: 31,692 GC heap after
Heap after GC invocations=15 (full 2):
 PSYoungGen      total 153920K, used 18129K [0x00000000f5560000, 0x0000000100000000, 0x0000000100000000)
  eden space 133120K, 0% used [0x00000000f5560000,0x00000000f5560000,0x00000000fd760000)
  from space 20800K, 87% used [0x00000000fd760000,0x00000000fe914468,0x00000000febb0000)
  to   space 20800K, 0% used [0x00000000febb0000,0x00000000febb0000,0x0000000100000000)
 ParOldGen       total 129024K, used 69180K [0x00000000e0000000, 0x00000000e7e00000, 0x00000000f5560000)
  object space 129024K, 53% used [0x00000000e0000000,0x00000000e438f1e8,0x00000000e7e00000)
 PSPermGen       total 21248K, used 9708K [0x00000000dae00000, 0x00000000dc2c0000, 0x00000000e0000000)
  object space 21248K, 45% used [0x00000000dae00000,0x00000000db77b250,0x00000000dc2c0000)
}

