# JRE version: 7.0_21-b11
# Java VM: Java HotSpot(TM) 64-Bit Server VM (23.21-b01 mixed mode linux-amd64 compressed oops)
Heap
 PSYoungGen      total 134656K, used 40565K [0x00000000eb600000, 0x00000000fc120000, 0x0000000100000000)
  eden space 126336K, 25% used [0x00000000eb600000,0x00000000ed585648,0x00000000f3160000)
  from space 8320K, 99% used [0x00000000f3160000,0x00000000f3978090,0x00000000f3980000)
  to   space 10432K, 0% used [0x00000000fb6f0000,0x00000000fb6f0000,0x00000000fc120000)
 ParOldGen       total 42240K, used 11943K [0x00000000c2200000, 0x00000000c4b40000, 0x00000000eb600000)
  object space 42240K, 28% used [0x00000000c2200000,0x00000000c2da9c08,0x00000000c4b40000)
 PSPermGen       total 21248K, used 17803K [0x00000000bd000000, 0x00000000be4c0000, 0x00000000c2200000)
  object space 21248K, 83% used [0x00000000bd000000,0x00000000be162e58,0x00000000be4c0000)
GC Heap History (10 events):
Event: 2,853 GC heap before
{Heap before GC invocations=3 (full 0):
 PSYoungGen      total 34240K, used 33781K [0x00000000eb600000, 0x00000000eda00000, 0x0000000100000000)
  eden space 31616K, 100% used [0x00000000eb600000,0x00000000ed4e0000,0x00000000ed4e0000)
  from space 2624K, 82% used [0x00000000ed770000,0x00000000ed98d7c0,0x00000000eda00000)
  to   space 2624K, 0% used [0x00000000ed4e0000,0x00000000ed4e0000,0x00000000ed770000)
 ParOldGen       total 42240K, used 163K [0x00000000c2200000, 0x00000000c4b40000, 0x00000000eb600000)
  object space 42240K, 0% used [0x00000000c2200000,0x00000000c2228c68,0x00000000c4b40000)
 PSPermGen       total 21248K, used 11192K [0x00000000bd000000, 0x00000000be4c0000, 0x00000000c2200000)
  object space 21248K, 52% used [0x00000000bd000000,0x00000000bdaee280,0x00000000be4c0000)
Event: 2,868 GC heap after
Heap after GC invocations=3 (full 0):
 PSYoungGen      total 34240K, used 2608K [0x00000000eb600000, 0x00000000ef8e0000, 0x0000000100000000)
  eden space 31616K, 0% used [0x00000000eb600000,0x00000000eb600000,0x00000000ed4e0000)
  from space 2624K, 99% used [0x00000000ed4e0000,0x00000000ed76c010,0x00000000ed770000)
  to   space 2624K, 0% used [0x00000000ef650000,0x00000000ef650000,0x00000000ef8e0000)
 ParOldGen       total 42240K, used 3293K [0x00000000c2200000, 0x00000000c4b40000, 0x00000000eb600000)
  object space 42240K, 7% used [0x00000000c2200000,0x00000000c25375e0,0x00000000c4b40000)
 PSPermGen       total 21248K, used 11192K [0x00000000bd000000, 0x00000000be4c0000, 0x00000000c2200000)
  object space 21248K, 52% used [0x00000000bd000000,0x00000000bdaee280,0x00000000be4c0000)
}
Event: 4,650 GC heap before
{Heap before GC invocations=4 (full 0):
 PSYoungGen      total 34240K, used 34224K [0x00000000eb600000, 0x00000000ef8e0000, 0x0000000100000000)
  eden space 31616K, 100% used [0x00000000eb600000,0x00000000ed4e0000,0x00000000ed4e0000)
  from space 2624K, 99% used [0x00000000ed4e0000,0x00000000ed76c010,0x00000000ed770000)
  to   space 2624K, 0% used [0x00000000ef650000,0x00000000ef650000,0x00000000ef8e0000)
 ParOldGen       total 42240K, used 3293K [0x00000000c2200000, 0x00000000c4b40000, 0x00000000eb600000)
  object space 42240K, 7% used [0x00000000c2200000,0x00000000c25375e0,0x00000000c4b40000)
 PSPermGen       total 21248K, used 13188K [0x00000000bd000000, 0x00000000be4c0000, 0x00000000c2200000)
  object space 21248K, 62% used [0x00000000bd000000,0x00000000bdce1250,0x00000000be4c0000)
Event: 4,674 GC heap after
Heap after GC invocations=4 (full 0):
 PSYoungGen      total 65856K, used 2624K [0x00000000eb600000, 0x00000000ef8e0000, 0x0000000100000000)
  eden space 63232K, 0% used [0x00000000eb600000,0x00000000eb600000,0x00000000ef3c0000)
  from space 2624K, 100% used [0x00000000ef650000,0x00000000ef8e0000,0x00000000ef8e0000)
  to   space 2624K, 0% used [0x00000000ef3c0000,0x00000000ef3c0000,0x00000000ef650000)
 ParOldGen       total 42240K, used 6940K [0x00000000c2200000, 0x00000000c4b40000, 0x00000000eb600000)
  object space 42240K, 16% used [0x00000000c2200000,0x00000000c28c7380,0x00000000c4b40000)
 PSPermGen       total 21248K, used 13188K [0x00000000bd000000, 0x00000000be4c0000, 0x00000000c2200000)
  object space 21248K, 62% used [0x00000000bd000000,0x00000000bdce1250,0x00000000be4c0000)
}
Event: 6,496 GC heap before
{Heap before GC invocations=5 (full 0):
 PSYoungGen      total 65856K, used 65856K [0x00000000eb600000, 0x00000000ef8e0000, 0x0000000100000000)
  eden space 63232K, 100% used [0x00000000eb600000,0x00000000ef3c0000,0x00000000ef3c0000)
  from space 2624K, 100% used [0x00000000ef650000,0x00000000ef8e0000,0x00000000ef8e0000)
  to   space 2624K, 0% used [0x00000000ef3c0000,0x00000000ef3c0000,0x00000000ef650000)
 ParOldGen       total 42240K, used 6940K [0x00000000c2200000, 0x00000000c4b40000, 0x00000000eb600000)
  object space 42240K, 16% used [0x00000000c2200000,0x00000000c28c7380,0x00000000c4b40000)
 PSPermGen       total 21248K, used 13939K [0x00000000bd000000, 0x00000000be4c0000, 0x00000000c2200000)
  object space 21248K, 65% used [0x00000000bd000000,0x00000000bdd9cf48,0x00000000be4c0000)
Event: 6,532 GC heap after
Heap after GC invocations=5 (full 0):
 PSYoungGen      total 65856K, used 2624K [0x00000000eb600000, 0x00000000f4180000, 0x0000000100000000)
  eden space 63232K, 0% used [0x00000000eb600000,0x00000000eb600000,0x00000000ef3c0000)
  from space 2624K, 100% used [0x00000000ef3c0000,0x00000000ef650000,0x00000000ef650000)
  to   space 8192K, 0% used [0x00000000f3980000,0x00000000f3980000,0x00000000f4180000)
 ParOldGen       total 42240K, used 10307K [0x00000000c2200000, 0x00000000c4b40000, 0x00000000eb600000)
  object space 42240K, 24% used [0x00000000c2200000,0x00000000c2c10f70,0x00000000c4b40000)
 PSPermGen       total 21248K, used 13939K [0x00000000bd000000, 0x00000000be4c0000, 0x00000000c2200000)
  object space 21248K, 65% used [0x00000000bd000000,0x00000000bdd9cf48,0x00000000be4c0000)
}
Event: 8,682 GC heap before
{Heap before GC invocations=6 (full 0):
 PSYoungGen      total 65856K, used 65856K [0x00000000eb600000, 0x00000000f4180000, 0x0000000100000000)
  eden space 63232K, 100% used [0x00000000eb600000,0x00000000ef3c0000,0x00000000ef3c0000)
  from space 2624K, 100% used [0x00000000ef3c0000,0x00000000ef650000,0x00000000ef650000)
  to   space 8192K, 0% used [0x00000000f3980000,0x00000000f3980000,0x00000000f4180000)
 ParOldGen       total 42240K, used 10307K [0x00000000c2200000, 0x00000000c4b40000, 0x00000000eb600000)
  object space 42240K, 24% used [0x00000000c2200000,0x00000000c2c10f70,0x00000000c4b40000)
 PSPermGen       total 21248K, used 15947K [0x00000000bd000000, 0x00000000be4c0000, 0x00000000c2200000)
  object space 21248K, 75% used [0x00000000bd000000,0x00000000bdf92fe0,0x00000000be4c0000)
Event: 8,700 GC heap after
Heap after GC invocations=6 (full 0):
 PSYoungGen      total 134528K, used 5853K [0x00000000eb600000, 0x00000000f41c0000, 0x0000000100000000)
  eden space 126336K, 0% used [0x00000000eb600000,0x00000000eb600000,0x00000000f3160000)
  from space 8192K, 71% used [0x00000000f3980000,0x00000000f3f37430,0x00000000f4180000)
  to   space 8320K, 0% used [0x00000000f3160000,0x00000000f3160000,0x00000000f3980000)
 ParOldGen       total 42240K, used 10307K [0x00000000c2200000, 0x00000000c4b40000, 0x00000000eb600000)
  object space 42240K, 24% used [0x00000000c2200000,0x00000000c2c10f70,0x00000000c4b40000)
 PSPermGen       total 21248K, used 15947K [0x00000000bd000000, 0x00000000be4c0000, 0x00000000c2200000)
  object space 21248K, 75% used [0x00000000bd000000,0x00000000bdf92fe0,0x00000000be4c0000)
}
Event: 11,288 GC heap before
{Heap before GC invocations=7 (full 0):
 PSYoungGen      total 134528K, used 132189K [0x00000000eb600000, 0x00000000f41c0000, 0x0000000100000000)
  eden space 126336K, 100% used [0x00000000eb600000,0x00000000f3160000,0x00000000f3160000)
  from space 8192K, 71% used [0x00000000f3980000,0x00000000f3f37430,0x00000000f4180000)
  to   space 8320K, 0% used [0x00000000f3160000,0x00000000f3160000,0x00000000f3980000)
 ParOldGen       total 42240K, used 10307K [0x00000000c2200000, 0x00000000c4b40000, 0x00000000eb600000)
  object space 42240K, 24% used [0x00000000c2200000,0x00000000c2c10f70,0x00000000c4b40000)
 PSPermGen       total 21248K, used 17264K [0x00000000bd000000, 0x00000000be4c0000, 0x00000000c2200000)
  object space 21248K, 81% used [0x00000000bd000000,0x00000000be0dc3c0,0x00000000be4c0000)
Event: 11,327 GC heap after
Heap after GC invocations=7 (full 0):
 PSYoungGen      total 134656K, used 8288K [0x00000000eb600000, 0x00000000fc120000, 0x0000000100000000)
  eden space 126336K, 0% used [0x00000000eb600000,0x00000000eb600000,0x00000000f3160000)
  from space 8320K, 99% used [0x00000000f3160000,0x00000000f3978090,0x00000000f3980000)
  to   space 10432K, 0% used [0x00000000fb6f0000,0x00000000fb6f0000,0x00000000fc120000)
 ParOldGen       total 42240K, used 11943K [0x00000000c2200000, 0x00000000c4b40000, 0x00000000eb600000)
  object space 42240K, 28% used [0x00000000c2200000,0x00000000c2da9c08,0x00000000c4b40000)
 PSPermGen       total 21248K, used 17264K [0x00000000bd000000, 0x00000000be4c0000, 0x00000000c2200000)
  object space 21248K, 81% used [0x00000000bd000000,0x00000000be0dc3c0,0x00000000be4c0000)
}

