# JRE version: 7.0_21-b11
# Java VM: Java HotSpot(TM) 64-Bit Server VM (23.21-b01 mixed mode linux-amd64 compressed oops)
Heap
 PSYoungGen      total 115328K, used 62373K [0x00000000f5560000, 0x0000000100000000, 0x0000000100000000)
  eden space 63360K, 36% used [0x00000000f5560000,0x00000000f6be7730,0x00000000f9340000)
  from space 51968K, 75% used [0x00000000fcd40000,0x00000000ff3a20a8,0x0000000100000000)
  to   space 55680K, 0% used [0x00000000f9340000,0x00000000f9340000,0x00000000fc9a0000)
 ParOldGen       total 158400K, used 93652K [0x00000000e0000000, 0x00000000e9ab0000, 0x00000000f5560000)
  object space 158400K, 59% used [0x00000000e0000000,0x00000000e5b753c8,0x00000000e9ab0000)
 PSPermGen       total 28160K, used 16766K [0x00000000dae00000, 0x00000000dc980000, 0x00000000e0000000)
  object space 28160K, 59% used [0x00000000dae00000,0x00000000dbe5f858,0x00000000dc980000)
GC Heap History (10 events):
Event: 11,753 GC heap before
{Heap before GC invocations=10 (full 1):
 PSYoungGen      total 100032K, used 100005K [0x00000000f5560000, 0x00000000ff330000, 0x0000000100000000)
  eden space 82624K, 100% used [0x00000000f5560000,0x00000000fa610000,0x00000000fa610000)
  from space 17408K, 99% used [0x00000000fe230000,0x00000000ff3295c0,0x00000000ff330000)
  to   space 30592K, 0% used [0x00000000fb770000,0x00000000fb770000,0x00000000fd550000)
 ParOldGen       total 93504K, used 48189K [0x00000000e0000000, 0x00000000e5b50000, 0x00000000f5560000)
  object space 93504K, 51% used [0x00000000e0000000,0x00000000e2f0f7b8,0x00000000e5b50000)
 PSPermGen       total 21824K, used 13415K [0x00000000dae00000, 0x00000000dc350000, 0x00000000e0000000)
  object space 21824K, 61% used [0x00000000dae00000,0x00000000dbb19fc0,0x00000000dc350000)
Event: 11,913 GC heap after
Heap after GC invocations=10 (full 1):
 PSYoungGen      total 131008K, used 30577K [0x00000000f5560000, 0x0000000100000000, 0x0000000100000000)
  eden space 100416K, 0% used [0x00000000f5560000,0x00000000f5560000,0x00000000fb770000)
  from space 30592K, 99% used [0x00000000fb770000,0x00000000fd54c600,0x00000000fd550000)
  to   space 43712K, 0% used [0x00000000fd550000,0x00000000fd550000,0x0000000100000000)
 ParOldGen       total 93504K, used 67996K [0x00000000e0000000, 0x00000000e5b50000, 0x00000000f5560000)
  object space 93504K, 72% used [0x00000000e0000000,0x00000000e4267178,0x00000000e5b50000)
 PSPermGen       total 21824K, used 13415K [0x00000000dae00000, 0x00000000dc350000, 0x00000000e0000000)
  object space 21824K, 61% used [0x00000000dae00000,0x00000000dbb19fc0,0x00000000dc350000)
}
Event: 15,167 GC heap before
{Heap before GC invocations=11 (full 1):
 PSYoungGen      total 131008K, used 130993K [0x00000000f5560000, 0x0000000100000000, 0x0000000100000000)
  eden space 100416K, 100% used [0x00000000f5560000,0x00000000fb770000,0x00000000fb770000)
  from space 30592K, 99% used [0x00000000fb770000,0x00000000fd54c600,0x00000000fd550000)
  to   space 43712K, 0% used [0x00000000fd550000,0x00000000fd550000,0x0000000100000000)
 ParOldGen       total 93504K, used 67996K [0x00000000e0000000, 0x00000000e5b50000, 0x00000000f5560000)
  object space 93504K, 72% used [0x00000000e0000000,0x00000000e4267178,0x00000000e5b50000)
 PSPermGen       total 21824K, used 15956K [0x00000000dae00000, 0x00000000dc350000, 0x00000000e0000000)
  object space 21824K, 73% used [0x00000000dae00000,0x00000000dbd950f8,0x00000000dc350000)
Event: 15,295 GC heap after
Heap after GC invocations=11 (full 1):
 PSYoungGen      total 107712K, used 43706K [0x00000000f5560000, 0x0000000100000000, 0x0000000100000000)
  eden space 64000K, 0% used [0x00000000f5560000,0x00000000f5560000,0x00000000f93e0000)
  from space 43712K, 99% used [0x00000000fd550000,0x00000000ffffeb98,0x0000000100000000)
  to   space 55360K, 0% used [0x00000000f93e0000,0x00000000f93e0000,0x00000000fc9f0000)
 ParOldGen       total 93504K, used 79843K [0x00000000e0000000, 0x00000000e5b50000, 0x00000000f5560000)
  object space 93504K, 85% used [0x00000000e0000000,0x00000000e4df8da8,0x00000000e5b50000)
 PSPermGen       total 21824K, used 15956K [0x00000000dae00000, 0x00000000dc350000, 0x00000000e0000000)
  object space 21824K, 73% used [0x00000000dae00000,0x00000000dbd950f8,0x00000000dc350000)
}
Event: 15,296 GC heap before
{Heap before GC invocations=12 (full 2):
 PSYoungGen      total 107712K, used 43706K [0x00000000f5560000, 0x0000000100000000, 0x0000000100000000)
  eden space 64000K, 0% used [0x00000000f5560000,0x00000000f5560000,0x00000000f93e0000)
  from space 43712K, 99% used [0x00000000fd550000,0x00000000ffffeb98,0x0000000100000000)
  to   space 55360K, 0% used [0x00000000f93e0000,0x00000000f93e0000,0x00000000fc9f0000)
 ParOldGen       total 93504K, used 79843K [0x00000000e0000000, 0x00000000e5b50000, 0x00000000f5560000)
  object space 93504K, 85% used [0x00000000e0000000,0x00000000e4df8da8,0x00000000e5b50000)
 PSPermGen       total 21824K, used 15956K [0x00000000dae00000, 0x00000000dc350000, 0x00000000e0000000)
  object space 21824K, 73% used [0x00000000dae00000,0x00000000dbd950f8,0x00000000dc350000)
Event: 15,837 GC heap after
Heap after GC invocations=12 (full 2):
 PSYoungGen      total 107712K, used 558K [0x00000000f5560000, 0x0000000100000000, 0x0000000100000000)
  eden space 64000K, 0% used [0x00000000f5560000,0x00000000f5560000,0x00000000f93e0000)
  from space 43712K, 1% used [0x00000000fd550000,0x00000000fd5dbad8,0x0000000100000000)
  to   space 55360K, 0% used [0x00000000f93e0000,0x00000000f93e0000,0x00000000fc9f0000)
 ParOldGen       total 158400K, used 93500K [0x00000000e0000000, 0x00000000e9ab0000, 0x00000000f5560000)
  object space 158400K, 59% used [0x00000000e0000000,0x00000000e5b4f3c8,0x00000000e9ab0000)
 PSPermGen       total 28160K, used 15954K [0x00000000dae00000, 0x00000000dc980000, 0x00000000e0000000)
  object space 28160K, 56% used [0x00000000dae00000,0x00000000dbd94a38,0x00000000dc980000)
}
Event: 16,889 GC heap before
{Heap before GC invocations=13 (full 2):
 PSYoungGen      total 107712K, used 64558K [0x00000000f5560000, 0x0000000100000000, 0x0000000100000000)
  eden space 64000K, 100% used [0x00000000f5560000,0x00000000f93e0000,0x00000000f93e0000)
  from space 43712K, 1% used [0x00000000fd550000,0x00000000fd5dbad8,0x0000000100000000)
  to   space 55360K, 0% used [0x00000000f93e0000,0x00000000f93e0000,0x00000000fc9f0000)
 ParOldGen       total 158400K, used 93500K [0x00000000e0000000, 0x00000000e9ab0000, 0x00000000f5560000)
  object space 158400K, 59% used [0x00000000e0000000,0x00000000e5b4f3c8,0x00000000e9ab0000)
 PSPermGen       total 28160K, used 15966K [0x00000000dae00000, 0x00000000dc980000, 0x00000000e0000000)
  object space 28160K, 56% used [0x00000000dae00000,0x00000000dbd97a90,0x00000000dc980000)
Event: 17,009 GC heap after
Heap after GC invocations=13 (full 2):
 PSYoungGen      total 119360K, used 20614K [0x00000000f5560000, 0x0000000100000000, 0x0000000100000000)
  eden space 64000K, 0% used [0x00000000f5560000,0x00000000f5560000,0x00000000f93e0000)
  from space 55360K, 37% used [0x00000000f93e0000,0x00000000fa8018b8,0x00000000fc9f0000)
  to   space 51968K, 0% used [0x00000000fcd40000,0x00000000fcd40000,0x0000000100000000)
 ParOldGen       total 158400K, used 93652K [0x00000000e0000000, 0x00000000e9ab0000, 0x00000000f5560000)
  object space 158400K, 59% used [0x00000000e0000000,0x00000000e5b753c8,0x00000000e9ab0000)
 PSPermGen       total 28160K, used 15966K [0x00000000dae00000, 0x00000000dc980000, 0x00000000e0000000)
  object space 28160K, 56% used [0x00000000dae00000,0x00000000dbd97a90,0x00000000dc980000)
}
Event: 19,507 GC heap before
{Heap before GC invocations=14 (full 2):
 PSYoungGen      total 119360K, used 84614K [0x00000000f5560000, 0x0000000100000000, 0x0000000100000000)
  eden space 64000K, 100% used [0x00000000f5560000,0x00000000f93e0000,0x00000000f93e0000)
  from space 55360K, 37% used [0x00000000f93e0000,0x00000000fa8018b8,0x00000000fc9f0000)
  to   space 51968K, 0% used [0x00000000fcd40000,0x00000000fcd40000,0x0000000100000000)
 ParOldGen       total 158400K, used 93652K [0x00000000e0000000, 0x00000000e9ab0000, 0x00000000f5560000)
  object space 158400K, 59% used [0x00000000e0000000,0x00000000e5b753c8,0x00000000e9ab0000)
 PSPermGen       total 28160K, used 16577K [0x00000000dae00000, 0x00000000dc980000, 0x00000000e0000000)
  object space 28160K, 58% used [0x00000000dae00000,0x00000000dbe30750,0x00000000dc980000)
Event: 19,609 GC heap after
Heap after GC invocations=14 (full 2):
 PSYoungGen      total 115328K, used 39304K [0x00000000f5560000, 0x0000000100000000, 0x0000000100000000)
  eden space 63360K, 0% used [0x00000000f5560000,0x00000000f5560000,0x00000000f9340000)
  from space 51968K, 75% used [0x00000000fcd40000,0x00000000ff3a20a8,0x0000000100000000)
  to   space 55680K, 0% used [0x00000000f9340000,0x00000000f9340000,0x00000000fc9a0000)
 ParOldGen       total 158400K, used 93652K [0x00000000e0000000, 0x00000000e9ab0000, 0x00000000f5560000)
  object space 158400K, 59% used [0x00000000e0000000,0x00000000e5b753c8,0x00000000e9ab0000)
 PSPermGen       total 28160K, used 16577K [0x00000000dae00000, 0x00000000dc980000, 0x00000000e0000000)
  object space 28160K, 58% used [0x00000000dae00000,0x00000000dbe30750,0x00000000dc980000)
}

