# JRE version: 7.0_21-b11
# Java VM: Java HotSpot(TM) 64-Bit Server VM (23.21-b01 mixed mode linux-amd64 compressed oops)
Heap
 PSYoungGen      total 134464K, used 122829K [0x00000000eb600000, 0x00000000f41e0000, 0x0000000100000000)
  eden space 126272K, 92% used [0x00000000eb600000,0x00000000f2827a18,0x00000000f3150000)
  from space 8192K, 72% used [0x00000000f3980000,0x00000000f3f4bda8,0x00000000f4180000)
  to   space 8384K, 0% used [0x00000000f3150000,0x00000000f3150000,0x00000000f3980000)
 ParOldGen       total 42240K, used 10344K [0x00000000c2200000, 0x00000000c4b40000, 0x00000000eb600000)
  object space 42240K, 24% used [0x00000000c2200000,0x00000000c2c1a320,0x00000000c4b40000)
 PSPermGen       total 21248K, used 16994K [0x00000000bd000000, 0x00000000be4c0000, 0x00000000c2200000)
  object space 21248K, 79% used [0x00000000bd000000,0x00000000be098a18,0x00000000be4c0000)
GC Heap History (10 events):
Event: 1,430 GC heap before
{Heap before GC invocations=2 (full 0):
 PSYoungGen      total 18432K, used 18415K [0x00000000eb600000, 0x00000000eda00000, 0x0000000100000000)
  eden space 15808K, 100% used [0x00000000eb600000,0x00000000ec570000,0x00000000ec570000)
  from space 2624K, 99% used [0x00000000ec570000,0x00000000ec7fbfe0,0x00000000ec800000)
  to   space 2624K, 0% used [0x00000000ed770000,0x00000000ed770000,0x00000000eda00000)
 ParOldGen       total 42240K, used 183K [0x00000000c2200000, 0x00000000c4b40000, 0x00000000eb600000)
  object space 42240K, 0% used [0x00000000c2200000,0x00000000c222de90,0x00000000c4b40000)
 PSPermGen       total 21248K, used 7029K [0x00000000bd000000, 0x00000000be4c0000, 0x00000000c2200000)
  object space 21248K, 33% used [0x00000000bd000000,0x00000000bd6dd448,0x00000000be4c0000)
Event: 1,444 GC heap after
Heap after GC invocations=2 (full 0):
 PSYoungGen      total 34240K, used 2133K [0x00000000eb600000, 0x00000000eda00000, 0x0000000100000000)
  eden space 31616K, 0% used [0x00000000eb600000,0x00000000eb600000,0x00000000ed4e0000)
  from space 2624K, 81% used [0x00000000ed770000,0x00000000ed9857c0,0x00000000eda00000)
  to   space 2624K, 0% used [0x00000000ed4e0000,0x00000000ed4e0000,0x00000000ed770000)
 ParOldGen       total 42240K, used 191K [0x00000000c2200000, 0x00000000c4b40000, 0x00000000eb600000)
  object space 42240K, 0% used [0x00000000c2200000,0x00000000c222fe90,0x00000000c4b40000)
 PSPermGen       total 21248K, used 7029K [0x00000000bd000000, 0x00000000be4c0000, 0x00000000c2200000)
  object space 21248K, 33% used [0x00000000bd000000,0x00000000bd6dd448,0x00000000be4c0000)
}
Event: 2,819 GC heap before
{Heap before GC invocations=3 (full 0):
 PSYoungGen      total 34240K, used 33749K [0x00000000eb600000, 0x00000000eda00000, 0x0000000100000000)
  eden space 31616K, 100% used [0x00000000eb600000,0x00000000ed4e0000,0x00000000ed4e0000)
  from space 2624K, 81% used [0x00000000ed770000,0x00000000ed9857c0,0x00000000eda00000)
  to   space 2624K, 0% used [0x00000000ed4e0000,0x00000000ed4e0000,0x00000000ed770000)
 ParOldGen       total 42240K, used 191K [0x00000000c2200000, 0x00000000c4b40000, 0x00000000eb600000)
  object space 42240K, 0% used [0x00000000c2200000,0x00000000c222fe90,0x00000000c4b40000)
 PSPermGen       total 21248K, used 11201K [0x00000000bd000000, 0x00000000be4c0000, 0x00000000c2200000)
  object space 21248K, 52% used [0x00000000bd000000,0x00000000bdaf0738,0x00000000be4c0000)
Event: 2,833 GC heap after
Heap after GC invocations=3 (full 0):
 PSYoungGen      total 34240K, used 2608K [0x00000000eb600000, 0x00000000ef8e0000, 0x0000000100000000)
  eden space 31616K, 0% used [0x00000000eb600000,0x00000000eb600000,0x00000000ed4e0000)
  from space 2624K, 99% used [0x00000000ed4e0000,0x00000000ed76c010,0x00000000ed770000)
  to   space 2624K, 0% used [0x00000000ef650000,0x00000000ef650000,0x00000000ef8e0000)
 ParOldGen       total 42240K, used 3327K [0x00000000c2200000, 0x00000000c4b40000, 0x00000000eb600000)
  object space 42240K, 7% used [0x00000000c2200000,0x00000000c253fc38,0x00000000c4b40000)
 PSPermGen       total 21248K, used 11201K [0x00000000bd000000, 0x00000000be4c0000, 0x00000000c2200000)
  object space 21248K, 52% used [0x00000000bd000000,0x00000000bdaf0738,0x00000000be4c0000)
}
Event: 4,669 GC heap before
{Heap before GC invocations=4 (full 0):
 PSYoungGen      total 34240K, used 34224K [0x00000000eb600000, 0x00000000ef8e0000, 0x0000000100000000)
  eden space 31616K, 100% used [0x00000000eb600000,0x00000000ed4e0000,0x00000000ed4e0000)
  from space 2624K, 99% used [0x00000000ed4e0000,0x00000000ed76c010,0x00000000ed770000)
  to   space 2624K, 0% used [0x00000000ef650000,0x00000000ef650000,0x00000000ef8e0000)
 ParOldGen       total 42240K, used 3327K [0x00000000c2200000, 0x00000000c4b40000, 0x00000000eb600000)
  object space 42240K, 7% used [0x00000000c2200000,0x00000000c253fc38,0x00000000c4b40000)
 PSPermGen       total 21248K, used 13188K [0x00000000bd000000, 0x00000000be4c0000, 0x00000000c2200000)
  object space 21248K, 62% used [0x00000000bd000000,0x00000000bdce1230,0x00000000be4c0000)
Event: 4,689 GC heap after
Heap after GC invocations=4 (full 0):
 PSYoungGen      total 65856K, used 2624K [0x00000000eb600000, 0x00000000ef8e0000, 0x0000000100000000)
  eden space 63232K, 0% used [0x00000000eb600000,0x00000000eb600000,0x00000000ef3c0000)
  from space 2624K, 100% used [0x00000000ef650000,0x00000000ef8e0000,0x00000000ef8e0000)
  to   space 2624K, 0% used [0x00000000ef3c0000,0x00000000ef3c0000,0x00000000ef650000)
 ParOldGen       total 42240K, used 6996K [0x00000000c2200000, 0x00000000c4b40000, 0x00000000eb600000)
  object space 42240K, 16% used [0x00000000c2200000,0x00000000c28d5130,0x00000000c4b40000)
 PSPermGen       total 21248K, used 13188K [0x00000000bd000000, 0x00000000be4c0000, 0x00000000c2200000)
  object space 21248K, 62% used [0x00000000bd000000,0x00000000bdce1230,0x00000000be4c0000)
}
Event: 6,486 GC heap before
{Heap before GC invocations=5 (full 0):
 PSYoungGen      total 65856K, used 65856K [0x00000000eb600000, 0x00000000ef8e0000, 0x0000000100000000)
  eden space 63232K, 100% used [0x00000000eb600000,0x00000000ef3c0000,0x00000000ef3c0000)
  from space 2624K, 100% used [0x00000000ef650000,0x00000000ef8e0000,0x00000000ef8e0000)
  to   space 2624K, 0% used [0x00000000ef3c0000,0x00000000ef3c0000,0x00000000ef650000)
 ParOldGen       total 42240K, used 6996K [0x00000000c2200000, 0x00000000c4b40000, 0x00000000eb600000)
  object space 42240K, 16% used [0x00000000c2200000,0x00000000c28d5130,0x00000000c4b40000)
 PSPermGen       total 21248K, used 13938K [0x00000000bd000000, 0x00000000be4c0000, 0x00000000c2200000)
  object space 21248K, 65% used [0x00000000bd000000,0x00000000bdd9caf8,0x00000000be4c0000)
Event: 6,507 GC heap after
Heap after GC invocations=5 (full 0):
 PSYoungGen      total 65856K, used 2592K [0x00000000eb600000, 0x00000000f4180000, 0x0000000100000000)
  eden space 63232K, 0% used [0x00000000eb600000,0x00000000eb600000,0x00000000ef3c0000)
  from space 2624K, 98% used [0x00000000ef3c0000,0x00000000ef648020,0x00000000ef650000)
  to   space 8192K, 0% used [0x00000000f3980000,0x00000000f3980000,0x00000000f4180000)
 ParOldGen       total 42240K, used 10344K [0x00000000c2200000, 0x00000000c4b40000, 0x00000000eb600000)
  object space 42240K, 24% used [0x00000000c2200000,0x00000000c2c1a320,0x00000000c4b40000)
 PSPermGen       total 21248K, used 13938K [0x00000000bd000000, 0x00000000be4c0000, 0x00000000c2200000)
  object space 21248K, 65% used [0x00000000bd000000,0x00000000bdd9caf8,0x00000000be4c0000)
}
Event: 8,606 GC heap before
{Heap before GC invocations=6 (full 0):
 PSYoungGen      total 65856K, used 65824K [0x00000000eb600000, 0x00000000f4180000, 0x0000000100000000)
  eden space 63232K, 100% used [0x00000000eb600000,0x00000000ef3c0000,0x00000000ef3c0000)
  from space 2624K, 98% used [0x00000000ef3c0000,0x00000000ef648020,0x00000000ef650000)
  to   space 8192K, 0% used [0x00000000f3980000,0x00000000f3980000,0x00000000f4180000)
 ParOldGen       total 42240K, used 10344K [0x00000000c2200000, 0x00000000c4b40000, 0x00000000eb600000)
  object space 42240K, 24% used [0x00000000c2200000,0x00000000c2c1a320,0x00000000c4b40000)
 PSPermGen       total 21248K, used 15946K [0x00000000bd000000, 0x00000000be4c0000, 0x00000000c2200000)
  object space 21248K, 75% used [0x00000000bd000000,0x00000000bdf92a88,0x00000000be4c0000)
Event: 8,625 GC heap after
Heap after GC invocations=6 (full 0):
 PSYoungGen      total 134464K, used 5935K [0x00000000eb600000, 0x00000000f41e0000, 0x0000000100000000)
  eden space 126272K, 0% used [0x00000000eb600000,0x00000000eb600000,0x00000000f3150000)
  from space 8192K, 72% used [0x00000000f3980000,0x00000000f3f4bda8,0x00000000f4180000)
  to   space 8384K, 0% used [0x00000000f3150000,0x00000000f3150000,0x00000000f3980000)
 ParOldGen       total 42240K, used 10344K [0x00000000c2200000, 0x00000000c4b40000, 0x00000000eb600000)
  object space 42240K, 24% used [0x00000000c2200000,0x00000000c2c1a320,0x00000000c4b40000)
 PSPermGen       total 21248K, used 15946K [0x00000000bd000000, 0x00000000be4c0000, 0x00000000c2200000)
  object space 21248K, 75% used [0x00000000bd000000,0x00000000bdf92a88,0x00000000be4c0000)
}

