# JRE version: 7.0_21-b11
# Java VM: Java HotSpot(TM) 64-Bit Server VM (23.21-b01 mixed mode linux-amd64 compressed oops)
Heap
 PSYoungGen      total 265920K, used 5587K [0x00000000eb600000, 0x00000000fd4e0000, 0x0000000100000000)
  eden space 239872K, 0% used [0x00000000eb600000,0x00000000eb600000,0x00000000fa040000)
  from space 26048K, 21% used [0x00000000fbb70000,0x00000000fc0e4d20,0x00000000fd4e0000)
  to   space 26944K, 0% used [0x00000000fa040000,0x00000000fa040000,0x00000000fba90000)
 ParOldGen       total 75072K, used 55247K [0x00000000c2200000, 0x00000000c6b50000, 0x00000000eb600000)
  object space 75072K, 73% used [0x00000000c2200000,0x00000000c57f3da0,0x00000000c6b50000)
 PSPermGen       total 26624K, used 26453K [0x00000000bd000000, 0x00000000bea00000, 0x00000000c2200000)
  object space 26624K, 99% used [0x00000000bd000000,0x00000000be9d54b8,0x00000000bea00000)
GC Heap History (10 events):
Event: 8,590 GC heap after
Heap after GC invocations=6 (full 0):
 PSYoungGen      total 134400K, used 5899K [0x00000000eb600000, 0x00000000f41c0000, 0x0000000100000000)
  eden space 126272K, 0% used [0x00000000eb600000,0x00000000eb600000,0x00000000f3150000)
  from space 8128K, 72% used [0x00000000f3970000,0x00000000f3f32fb8,0x00000000f4160000)
  to   space 8320K, 0% used [0x00000000f3150000,0x00000000f3150000,0x00000000f3970000)
 ParOldGen       total 42240K, used 10351K [0x00000000c2200000, 0x00000000c4b40000, 0x00000000eb600000)
  object space 42240K, 24% used [0x00000000c2200000,0x00000000c2c1bd50,0x00000000c4b40000)
 PSPermGen       total 21248K, used 15944K [0x00000000bd000000, 0x00000000be4c0000, 0x00000000c2200000)
  object space 21248K, 75% used [0x00000000bd000000,0x00000000bdf92218,0x00000000be4c0000)
}
Event: 11,392 GC heap before
{Heap before GC invocations=7 (full 0):
 PSYoungGen      total 134400K, used 132171K [0x00000000eb600000, 0x00000000f41c0000, 0x0000000100000000)
  eden space 126272K, 100% used [0x00000000eb600000,0x00000000f3150000,0x00000000f3150000)
  from space 8128K, 72% used [0x00000000f3970000,0x00000000f3f32fb8,0x00000000f4160000)
  to   space 8320K, 0% used [0x00000000f3150000,0x00000000f3150000,0x00000000f3970000)
 ParOldGen       total 42240K, used 10351K [0x00000000c2200000, 0x00000000c4b40000, 0x00000000eb600000)
  object space 42240K, 24% used [0x00000000c2200000,0x00000000c2c1bd50,0x00000000c4b40000)
 PSPermGen       total 21248K, used 17262K [0x00000000bd000000, 0x00000000be4c0000, 0x00000000c2200000)
  object space 21248K, 81% used [0x00000000bd000000,0x00000000be0dba28,0x00000000be4c0000)
Event: 11,442 GC heap after
Heap after GC invocations=7 (full 0):
 PSYoungGen      total 134592K, used 8304K [0x00000000eb600000, 0x00000000fc0e0000, 0x0000000100000000)
  eden space 126272K, 0% used [0x00000000eb600000,0x00000000eb600000,0x00000000f3150000)
  from space 8320K, 99% used [0x00000000f3150000,0x00000000f396c160,0x00000000f3970000)
  to   space 10368K, 0% used [0x00000000fb6c0000,0x00000000fb6c0000,0x00000000fc0e0000)
 ParOldGen       total 42240K, used 11925K [0x00000000c2200000, 0x00000000c4b40000, 0x00000000eb600000)
  object space 42240K, 28% used [0x00000000c2200000,0x00000000c2da5438,0x00000000c4b40000)
 PSPermGen       total 21248K, used 17262K [0x00000000bd000000, 0x00000000be4c0000, 0x00000000c2200000)
  object space 21248K, 81% used [0x00000000bd000000,0x00000000be0dba28,0x00000000be4c0000)
}
Event: 93,479 GC heap before
{Heap before GC invocations=8 (full 0):
 PSYoungGen      total 134592K, used 134576K [0x00000000eb600000, 0x00000000fc0e0000, 0x0000000100000000)
  eden space 126272K, 100% used [0x00000000eb600000,0x00000000f3150000,0x00000000f3150000)
  from space 8320K, 99% used [0x00000000f3150000,0x00000000f396c160,0x00000000f3970000)
  to   space 10368K, 0% used [0x00000000fb6c0000,0x00000000fb6c0000,0x00000000fc0e0000)
 ParOldGen       total 42240K, used 11925K [0x00000000c2200000, 0x00000000c4b40000, 0x00000000eb600000)
  object space 42240K, 28% used [0x00000000c2200000,0x00000000c2da5438,0x00000000c4b40000)
 PSPermGen       total 21248K, used 19657K [0x00000000bd000000, 0x00000000be4c0000, 0x00000000c2200000)
  object space 21248K, 92% used [0x00000000bd000000,0x00000000be332720,0x00000000be4c0000)
Event: 93,509 GC heap after
Heap after GC invocations=8 (full 0):
 PSYoungGen      total 262016K, used 8796K [0x00000000eb600000, 0x00000000fc2a0000, 0x0000000100000000)
  eden space 251648K, 0% used [0x00000000eb600000,0x00000000eb600000,0x00000000fabc0000)
  from space 10368K, 84% used [0x00000000fb6c0000,0x00000000fbf573f0,0x00000000fc0e0000)
  to   space 11264K, 0% used [0x00000000fabc0000,0x00000000fabc0000,0x00000000fb6c0000)
 ParOldGen       total 42240K, used 13739K [0x00000000c2200000, 0x00000000c4b40000, 0x00000000eb600000)
  object space 42240K, 32% used [0x00000000c2200000,0x00000000c2f6ac58,0x00000000c4b40000)
 PSPermGen       total 21248K, used 19657K [0x00000000bd000000, 0x00000000be4c0000, 0x00000000c2200000)
  object space 21248K, 92% used [0x00000000bd000000,0x00000000be332720,0x00000000be4c0000)
}
Event: 105,358 GC heap before
{Heap before GC invocations=9 (full 0):
 PSYoungGen      total 262016K, used 244146K [0x00000000eb600000, 0x00000000fc2a0000, 0x0000000100000000)
  eden space 251648K, 93% used [0x00000000eb600000,0x00000000f9bd5470,0x00000000fabc0000)
  from space 10368K, 84% used [0x00000000fb6c0000,0x00000000fbf573f0,0x00000000fc0e0000)
  to   space 11264K, 0% used [0x00000000fabc0000,0x00000000fabc0000,0x00000000fb6c0000)
 ParOldGen       total 42240K, used 13739K [0x00000000c2200000, 0x00000000c4b40000, 0x00000000eb600000)
  object space 42240K, 32% used [0x00000000c2200000,0x00000000c2f6ac58,0x00000000c4b40000)
 PSPermGen       total 26432K, used 26366K [0x00000000bd000000, 0x00000000be9d0000, 0x00000000c2200000)
  object space 26432K, 99% used [0x00000000bd000000,0x00000000be9bfa78,0x00000000be9d0000)
Event: 105,446 GC heap after
Heap after GC invocations=9 (full 0):
 PSYoungGen      total 251136K, used 11247K [0x00000000eb600000, 0x00000000fd6a0000, 0x0000000100000000)
  eden space 239872K, 0% used [0x00000000eb600000,0x00000000eb600000,0x00000000fa040000)
  from space 11264K, 99% used [0x00000000fabc0000,0x00000000fb6bbd68,0x00000000fb6c0000)
  to   space 27840K, 0% used [0x00000000fbb70000,0x00000000fbb70000,0x00000000fd6a0000)
 ParOldGen       total 75072K, used 50935K [0x00000000c2200000, 0x00000000c6b50000, 0x00000000eb600000)
  object space 75072K, 67% used [0x00000000c2200000,0x00000000c53bdd80,0x00000000c6b50000)
 PSPermGen       total 26432K, used 26366K [0x00000000bd000000, 0x00000000be9d0000, 0x00000000c2200000)
  object space 26432K, 99% used [0x00000000bd000000,0x00000000be9bfa78,0x00000000be9d0000)
}
Event: 117,360 GC heap before
{Heap before GC invocations=10 (full 0):
 PSYoungGen      total 251136K, used 63757K [0x00000000eb600000, 0x00000000fd6a0000, 0x0000000100000000)
  eden space 239872K, 21% used [0x00000000eb600000,0x00000000ee947930,0x00000000fa040000)
  from space 11264K, 99% used [0x00000000fabc0000,0x00000000fb6bbd68,0x00000000fb6c0000)
  to   space 27840K, 0% used [0x00000000fbb70000,0x00000000fbb70000,0x00000000fd6a0000)
 ParOldGen       total 75072K, used 50935K [0x00000000c2200000, 0x00000000c6b50000, 0x00000000eb600000)
  object space 75072K, 67% used [0x00000000c2200000,0x00000000c53bdd80,0x00000000c6b50000)
 PSPermGen       total 26624K, used 26453K [0x00000000bd000000, 0x00000000bea00000, 0x00000000c2200000)
  object space 26624K, 99% used [0x00000000bd000000,0x00000000be9d54b8,0x00000000bea00000)
Event: 117,388 GC heap after
Heap after GC invocations=10 (full 0):
 PSYoungGen      total 265920K, used 5587K [0x00000000eb600000, 0x00000000fd4e0000, 0x0000000100000000)
  eden space 239872K, 0% used [0x00000000eb600000,0x00000000eb600000,0x00000000fa040000)
  from space 26048K, 21% used [0x00000000fbb70000,0x00000000fc0e4d20,0x00000000fd4e0000)
  to   space 26944K, 0% used [0x00000000fa040000,0x00000000fa040000,0x00000000fba90000)
 ParOldGen       total 75072K, used 55247K [0x00000000c2200000, 0x00000000c6b50000, 0x00000000eb600000)
  object space 75072K, 73% used [0x00000000c2200000,0x00000000c57f3da0,0x00000000c6b50000)
 PSPermGen       total 26624K, used 26453K [0x00000000bd000000, 0x00000000bea00000, 0x00000000c2200000)
  object space 26624K, 99% used [0x00000000bd000000,0x00000000be9d54b8,0x00000000bea00000)
}
Event: 117,388 GC heap before
{Heap before GC invocations=11 (full 1):
 PSYoungGen      total 265920K, used 5587K [0x00000000eb600000, 0x00000000fd4e0000, 0x0000000100000000)
  eden space 239872K, 0% used [0x00000000eb600000,0x00000000eb600000,0x00000000fa040000)
  from space 26048K, 21% used [0x00000000fbb70000,0x00000000fc0e4d20,0x00000000fd4e0000)
  to   space 26944K, 0% used [0x00000000fa040000,0x00000000fa040000,0x00000000fba90000)
 ParOldGen       total 75072K, used 55247K [0x00000000c2200000, 0x00000000c6b50000, 0x00000000eb600000)
  object space 75072K, 73% used [0x00000000c2200000,0x00000000c57f3da0,0x00000000c6b50000)
 PSPermGen       total 26624K, used 26453K [0x00000000bd000000, 0x00000000bea00000, 0x00000000c2200000)
  object space 26624K, 99% used [0x00000000bd000000,0x00000000be9d54b8,0x00000000bea00000)

