# JRE version: 7.0_21-b11
# Java VM: Java HotSpot(TM) 64-Bit Server VM (23.21-b01 mixed mode linux-amd64 compressed oops)
Heap
 PSYoungGen      total 120832K, used 91065K [0x00000000f5560000, 0x00000000ffae0000, 0x0000000100000000)
  eden space 72320K, 100% used [0x00000000f5560000,0x00000000f9c00000,0x00000000f9c00000)
  from space 48512K, 38% used [0x00000000f9c00000,0x00000000fae4e460,0x00000000fcb60000)
  to   space 45760K, 34% used [0x00000000fce30000,0x00000000fddb0080,0x00000000ffae0000)
 ParOldGen       total 223040K, used 173482K [0x00000000e0000000, 0x00000000ed9d0000, 0x00000000f5560000)
  object space 223040K, 77% used [0x00000000e0000000,0x00000000ea96aa98,0x00000000ed9d0000)
 PSPermGen       total 30080K, used 20095K [0x00000000dae00000, 0x00000000dcb60000, 0x00000000e0000000)
  object space 30080K, 66% used [0x00000000dae00000,0x00000000dc19fc48,0x00000000dcb60000)
GC Heap History (10 events):
Event: 25,067 GC heap after
Heap after GC invocations=24 (full 3):
 PSYoungGen      total 114304K, used 16245K [0x00000000f5560000, 0x00000000ffa60000, 0x0000000100000000)
  eden space 58240K, 0% used [0x00000000f5560000,0x00000000f5560000,0x00000000f8e40000)
  from space 56064K, 28% used [0x00000000f8e40000,0x00000000f9e1d618,0x00000000fc500000)
  to   space 52096K, 0% used [0x00000000fc780000,0x00000000fc780000,0x00000000ffa60000)
 ParOldGen       total 223040K, used 158215K [0x00000000e0000000, 0x00000000ed9d0000, 0x00000000f5560000)
  object space 223040K, 70% used [0x00000000e0000000,0x00000000e9a81cb8,0x00000000ed9d0000)
 PSPermGen       total 30080K, used 18721K [0x00000000dae00000, 0x00000000dcb60000, 0x00000000e0000000)
  object space 30080K, 62% used [0x00000000dae00000,0x00000000dc0484d8,0x00000000dcb60000)
}
Event: 25,393 GC heap before
{Heap before GC invocations=25 (full 3):
 PSYoungGen      total 114304K, used 74485K [0x00000000f5560000, 0x00000000ffa60000, 0x0000000100000000)
  eden space 58240K, 100% used [0x00000000f5560000,0x00000000f8e40000,0x00000000f8e40000)
  from space 56064K, 28% used [0x00000000f8e40000,0x00000000f9e1d618,0x00000000fc500000)
  to   space 52096K, 0% used [0x00000000fc780000,0x00000000fc780000,0x00000000ffa60000)
 ParOldGen       total 223040K, used 158215K [0x00000000e0000000, 0x00000000ed9d0000, 0x00000000f5560000)
  object space 223040K, 70% used [0x00000000e0000000,0x00000000e9a81cb8,0x00000000ed9d0000)
 PSPermGen       total 30080K, used 18723K [0x00000000dae00000, 0x00000000dcb60000, 0x00000000e0000000)
  object space 30080K, 62% used [0x00000000dae00000,0x00000000dc048cd0,0x00000000dcb60000)
Event: 25,471 GC heap after
Heap after GC invocations=25 (full 3):
 PSYoungGen      total 116992K, used 25395K [0x00000000f5560000, 0x00000000ffbe0000, 0x0000000100000000)
  eden space 64896K, 0% used [0x00000000f5560000,0x00000000f5560000,0x00000000f94c0000)
  from space 52096K, 48% used [0x00000000fc780000,0x00000000fe04cd00,0x00000000ffa60000)
  to   space 51968K, 0% used [0x00000000f94c0000,0x00000000f94c0000,0x00000000fc780000)
 ParOldGen       total 223040K, used 158215K [0x00000000e0000000, 0x00000000ed9d0000, 0x00000000f5560000)
  object space 223040K, 70% used [0x00000000e0000000,0x00000000e9a81cb8,0x00000000ed9d0000)
 PSPermGen       total 30080K, used 18723K [0x00000000dae00000, 0x00000000dcb60000, 0x00000000e0000000)
  object space 30080K, 62% used [0x00000000dae00000,0x00000000dc048cd0,0x00000000dcb60000)
}
Event: 26,674 GC heap before
{Heap before GC invocations=26 (full 3):
 PSYoungGen      total 116992K, used 90291K [0x00000000f5560000, 0x00000000ffbe0000, 0x0000000100000000)
  eden space 64896K, 100% used [0x00000000f5560000,0x00000000f94c0000,0x00000000f94c0000)
  from space 52096K, 48% used [0x00000000fc780000,0x00000000fe04cd00,0x00000000ffa60000)
  to   space 51968K, 0% used [0x00000000f94c0000,0x00000000f94c0000,0x00000000fc780000)
 ParOldGen       total 223040K, used 158215K [0x00000000e0000000, 0x00000000ed9d0000, 0x00000000f5560000)
  object space 223040K, 70% used [0x00000000e0000000,0x00000000e9a81cb8,0x00000000ed9d0000)
 PSPermGen       total 30080K, used 19231K [0x00000000dae00000, 0x00000000dcb60000, 0x00000000e0000000)
  object space 30080K, 63% used [0x00000000dae00000,0x00000000dc0c7ec8,0x00000000dcb60000)
Event: 26,763 GC heap after
Heap after GC invocations=26 (full 3):
 PSYoungGen      total 116864K, used 22279K [0x00000000f5560000, 0x00000000ffce0000, 0x0000000100000000)
  eden space 64896K, 0% used [0x00000000f5560000,0x00000000f5560000,0x00000000f94c0000)
  from space 51968K, 42% used [0x00000000f94c0000,0x00000000faa81eb0,0x00000000fc780000)
  to   space 50432K, 0% used [0x00000000fcba0000,0x00000000fcba0000,0x00000000ffce0000)
 ParOldGen       total 223040K, used 165877K [0x00000000e0000000, 0x00000000ed9d0000, 0x00000000f5560000)
  object space 223040K, 74% used [0x00000000e0000000,0x00000000ea1fd5d8,0x00000000ed9d0000)
 PSPermGen       total 30080K, used 19231K [0x00000000dae00000, 0x00000000dcb60000, 0x00000000e0000000)
  object space 30080K, 63% used [0x00000000dae00000,0x00000000dc0c7ec8,0x00000000dcb60000)
}
Event: 29,487 GC heap before
{Heap before GC invocations=27 (full 3):
 PSYoungGen      total 116864K, used 87175K [0x00000000f5560000, 0x00000000ffce0000, 0x0000000100000000)
  eden space 64896K, 100% used [0x00000000f5560000,0x00000000f94c0000,0x00000000f94c0000)
  from space 51968K, 42% used [0x00000000f94c0000,0x00000000faa81eb0,0x00000000fc780000)
  to   space 50432K, 0% used [0x00000000fcba0000,0x00000000fcba0000,0x00000000ffce0000)
 ParOldGen       total 223040K, used 165877K [0x00000000e0000000, 0x00000000ed9d0000, 0x00000000f5560000)
  object space 223040K, 74% used [0x00000000e0000000,0x00000000ea1fd5d8,0x00000000ed9d0000)
 PSPermGen       total 30080K, used 19705K [0x00000000dae00000, 0x00000000dcb60000, 0x00000000e0000000)
  object space 30080K, 65% used [0x00000000dae00000,0x00000000dc13e4b8,0x00000000dcb60000)
Event: 29,586 GC heap after
Heap after GC invocations=27 (full 3):
 PSYoungGen      total 120576K, used 21219K [0x00000000f5560000, 0x00000000ffac0000, 0x0000000100000000)
  eden space 72320K, 0% used [0x00000000f5560000,0x00000000f5560000,0x00000000f9c00000)
  from space 48256K, 43% used [0x00000000fcba0000,0x00000000fe058c50,0x00000000ffac0000)
  to   space 48512K, 0% used [0x00000000f9c00000,0x00000000f9c00000,0x00000000fcb60000)
 ParOldGen       total 223040K, used 173474K [0x00000000e0000000, 0x00000000ed9d0000, 0x00000000f5560000)
  object space 223040K, 77% used [0x00000000e0000000,0x00000000ea968a98,0x00000000ed9d0000)
 PSPermGen       total 30080K, used 19705K [0x00000000dae00000, 0x00000000dcb60000, 0x00000000e0000000)
  object space 30080K, 65% used [0x00000000dae00000,0x00000000dc13e4b8,0x00000000dcb60000)
}
Event: 31,921 GC heap before
{Heap before GC invocations=28 (full 3):
 PSYoungGen      total 120576K, used 93539K [0x00000000f5560000, 0x00000000ffac0000, 0x0000000100000000)
  eden space 72320K, 100% used [0x00000000f5560000,0x00000000f9c00000,0x00000000f9c00000)
  from space 48256K, 43% used [0x00000000fcba0000,0x00000000fe058c50,0x00000000ffac0000)
  to   space 48512K, 0% used [0x00000000f9c00000,0x00000000f9c00000,0x00000000fcb60000)
 ParOldGen       total 223040K, used 173474K [0x00000000e0000000, 0x00000000ed9d0000, 0x00000000f5560000)
  object space 223040K, 77% used [0x00000000e0000000,0x00000000ea968a98,0x00000000ed9d0000)
 PSPermGen       total 30080K, used 20075K [0x00000000dae00000, 0x00000000dcb60000, 0x00000000e0000000)
  object space 30080K, 66% used [0x00000000dae00000,0x00000000dc19ae78,0x00000000dcb60000)
Event: 31,995 GC heap after
Heap after GC invocations=28 (full 3):
 PSYoungGen      total 120832K, used 18745K [0x00000000f5560000, 0x00000000ffae0000, 0x0000000100000000)
  eden space 72320K, 0% used [0x00000000f5560000,0x00000000f5560000,0x00000000f9c00000)
  from space 48512K, 38% used [0x00000000f9c00000,0x00000000fae4e460,0x00000000fcb60000)
  to   space 45760K, 0% used [0x00000000fce30000,0x00000000fce30000,0x00000000ffae0000)
 ParOldGen       total 223040K, used 173474K [0x00000000e0000000, 0x00000000ed9d0000, 0x00000000f5560000)
  object space 223040K, 77% used [0x00000000e0000000,0x00000000ea968a98,0x00000000ed9d0000)
 PSPermGen       total 30080K, used 20075K [0x00000000dae00000, 0x00000000dcb60000, 0x00000000e0000000)
  object space 30080K, 66% used [0x00000000dae00000,0x00000000dc19ae78,0x00000000dcb60000)
}
Event: 33,329 GC heap before
{Heap before GC invocations=29 (full 3):
 PSYoungGen      total 120832K, used 91065K [0x00000000f5560000, 0x00000000ffae0000, 0x0000000100000000)
  eden space 72320K, 100% used [0x00000000f5560000,0x00000000f9c00000,0x00000000f9c00000)
  from space 48512K, 38% used [0x00000000f9c00000,0x00000000fae4e460,0x00000000fcb60000)
  to   space 45760K, 0% used [0x00000000fce30000,0x00000000fce30000,0x00000000ffae0000)
 ParOldGen       total 223040K, used 173474K [0x00000000e0000000, 0x00000000ed9d0000, 0x00000000f5560000)
  object space 223040K, 77% used [0x00000000e0000000,0x00000000ea968a98,0x00000000ed9d0000)
 PSPermGen       total 30080K, used 20095K [0x00000000dae00000, 0x00000000dcb60000, 0x00000000e0000000)
  object space 30080K, 66% used [0x00000000dae00000,0x00000000dc19fc48,0x00000000dcb60000)

