# JRE version: 7.0_21-b11
# Java VM: Java HotSpot(TM) 64-Bit Server VM (23.21-b01 mixed mode linux-amd64 compressed oops)
Heap
 PSYoungGen      total 117248K, used 59279K [0x00000000f5560000, 0x00000000ff780000, 0x0000000100000000)
  eden space 75136K, 65% used [0x00000000f5560000,0x00000000f857e1c8,0x00000000f9ec0000)
  from space 42112K, 23% used [0x00000000fce60000,0x00000000fd825ba0,0x00000000ff780000)
  to   space 45440K, 0% used [0x00000000f9ec0000,0x00000000f9ec0000,0x00000000fcb20000)
 ParOldGen       total 212480K, used 174353K [0x00000000e0000000, 0x00000000ecf80000, 0x00000000f5560000)
  object space 212480K, 82% used [0x00000000e0000000,0x00000000eaa444e8,0x00000000ecf80000)
 PSPermGen       total 28352K, used 18269K [0x00000000dae00000, 0x00000000dc9b0000, 0x00000000e0000000)
  object space 28352K, 64% used [0x00000000dae00000,0x00000000dbfd77e0,0x00000000dc9b0000)
GC Heap History (10 events):
Event: 30,128 GC heap before
{Heap before GC invocations=23 (full 3):
 PSYoungGen      total 116480K, used 65504K [0x00000000f5560000, 0x0000000100000000, 0x0000000100000000)
  eden space 58240K, 100% used [0x00000000f5560000,0x00000000f8e40000,0x00000000f8e40000)
  from space 58240K, 12% used [0x00000000f8e40000,0x00000000f9558200,0x00000000fc720000)
  to   space 58240K, 0% used [0x00000000fc720000,0x00000000fc720000,0x0000000100000000)
 ParOldGen       total 212480K, used 149745K [0x00000000e0000000, 0x00000000ecf80000, 0x00000000f5560000)
  object space 212480K, 70% used [0x00000000e0000000,0x00000000e923c5f0,0x00000000ecf80000)
 PSPermGen       total 28352K, used 16914K [0x00000000dae00000, 0x00000000dc9b0000, 0x00000000e0000000)
  object space 28352K, 59% used [0x00000000dae00000,0x00000000dbe84930,0x00000000dc9b0000)
Event: 30,184 GC heap after
Heap after GC invocations=23 (full 3):
 PSYoungGen      total 113280K, used 9027K [0x00000000f5560000, 0x00000000ffce0000, 0x0000000100000000)
  eden space 58240K, 0% used [0x00000000f5560000,0x00000000f5560000,0x00000000f8e40000)
  from space 55040K, 16% used [0x00000000fc720000,0x00000000fcff0cd0,0x00000000ffce0000)
  to   space 56640K, 0% used [0x00000000f8e40000,0x00000000f8e40000,0x00000000fc590000)
 ParOldGen       total 212480K, used 156821K [0x00000000e0000000, 0x00000000ecf80000, 0x00000000f5560000)
  object space 212480K, 73% used [0x00000000e0000000,0x00000000e99256e8,0x00000000ecf80000)
 PSPermGen       total 28352K, used 16914K [0x00000000dae00000, 0x00000000dc9b0000, 0x00000000e0000000)
  object space 28352K, 59% used [0x00000000dae00000,0x00000000dbe84930,0x00000000dc9b0000)
}
Event: 30,556 GC heap before
{Heap before GC invocations=24 (full 3):
 PSYoungGen      total 113280K, used 67267K [0x00000000f5560000, 0x00000000ffce0000, 0x0000000100000000)
  eden space 58240K, 100% used [0x00000000f5560000,0x00000000f8e40000,0x00000000f8e40000)
  from space 55040K, 16% used [0x00000000fc720000,0x00000000fcff0cd0,0x00000000ffce0000)
  to   space 56640K, 0% used [0x00000000f8e40000,0x00000000f8e40000,0x00000000fc590000)
 ParOldGen       total 212480K, used 156821K [0x00000000e0000000, 0x00000000ecf80000, 0x00000000f5560000)
  object space 212480K, 73% used [0x00000000e0000000,0x00000000e99256e8,0x00000000ecf80000)
 PSPermGen       total 28352K, used 16916K [0x00000000dae00000, 0x00000000dc9b0000, 0x00000000e0000000)
  object space 28352K, 59% used [0x00000000dae00000,0x00000000dbe852e8,0x00000000dc9b0000)
Event: 30,616 GC heap after
Heap after GC invocations=24 (full 3):
 PSYoungGen      total 114880K, used 18115K [0x00000000f5560000, 0x00000000ffb10000, 0x0000000100000000)
  eden space 58240K, 0% used [0x00000000f5560000,0x00000000f5560000,0x00000000f8e40000)
  from space 56640K, 31% used [0x00000000f8e40000,0x00000000f9ff0ce0,0x00000000fc590000)
  to   space 53312K, 0% used [0x00000000fc700000,0x00000000fc700000,0x00000000ffb10000)
 ParOldGen       total 212480K, used 156821K [0x00000000e0000000, 0x00000000ecf80000, 0x00000000f5560000)
  object space 212480K, 73% used [0x00000000e0000000,0x00000000e99256e8,0x00000000ecf80000)
 PSPermGen       total 28352K, used 16916K [0x00000000dae00000, 0x00000000dc9b0000, 0x00000000e0000000)
  object space 28352K, 59% used [0x00000000dae00000,0x00000000dbe852e8,0x00000000dc9b0000)
}
Event: 31,258 GC heap before
{Heap before GC invocations=25 (full 3):
 PSYoungGen      total 114880K, used 76355K [0x00000000f5560000, 0x00000000ffb10000, 0x0000000100000000)
  eden space 58240K, 100% used [0x00000000f5560000,0x00000000f8e40000,0x00000000f8e40000)
  from space 56640K, 31% used [0x00000000f8e40000,0x00000000f9ff0ce0,0x00000000fc590000)
  to   space 53312K, 0% used [0x00000000fc700000,0x00000000fc700000,0x00000000ffb10000)
 ParOldGen       total 212480K, used 156821K [0x00000000e0000000, 0x00000000ecf80000, 0x00000000f5560000)
  object space 212480K, 73% used [0x00000000e0000000,0x00000000e99256e8,0x00000000ecf80000)
 PSPermGen       total 28352K, used 16937K [0x00000000dae00000, 0x00000000dc9b0000, 0x00000000e0000000)
  object space 28352K, 59% used [0x00000000dae00000,0x00000000dbe8a6a8,0x00000000dc9b0000)
Event: 31,328 GC heap after
Heap after GC invocations=25 (full 3):
 PSYoungGen      total 113280K, used 13898K [0x00000000f5560000, 0x00000000ff660000, 0x0000000100000000)
  eden space 64768K, 0% used [0x00000000f5560000,0x00000000f5560000,0x00000000f94a0000)
  from space 48512K, 28% used [0x00000000fc700000,0x00000000fd4929b8,0x00000000ff660000)
  to   space 50048K, 0% used [0x00000000f94a0000,0x00000000f94a0000,0x00000000fc580000)
 ParOldGen       total 212480K, used 165481K [0x00000000e0000000, 0x00000000ecf80000, 0x00000000f5560000)
  object space 212480K, 77% used [0x00000000e0000000,0x00000000ea19a4b8,0x00000000ecf80000)
 PSPermGen       total 28352K, used 16937K [0x00000000dae00000, 0x00000000dc9b0000, 0x00000000e0000000)
  object space 28352K, 59% used [0x00000000dae00000,0x00000000dbe8a6a8,0x00000000dc9b0000)
}
Event: 34,164 GC heap before
{Heap before GC invocations=26 (full 3):
 PSYoungGen      total 113280K, used 78666K [0x00000000f5560000, 0x00000000ff660000, 0x0000000100000000)
  eden space 64768K, 100% used [0x00000000f5560000,0x00000000f94a0000,0x00000000f94a0000)
  from space 48512K, 28% used [0x00000000fc700000,0x00000000fd4929b8,0x00000000ff660000)
  to   space 50048K, 0% used [0x00000000f94a0000,0x00000000f94a0000,0x00000000fc580000)
 ParOldGen       total 212480K, used 165481K [0x00000000e0000000, 0x00000000ecf80000, 0x00000000f5560000)
  object space 212480K, 77% used [0x00000000e0000000,0x00000000ea19a4b8,0x00000000ecf80000)
 PSPermGen       total 28352K, used 17787K [0x00000000dae00000, 0x00000000dc9b0000, 0x00000000e0000000)
  object space 28352K, 62% used [0x00000000dae00000,0x00000000dbf5ee20,0x00000000dc9b0000)
Event: 34,239 GC heap after
Heap after GC invocations=26 (full 3):
 PSYoungGen      total 114816K, used 9417K [0x00000000f5560000, 0x00000000ffd00000, 0x0000000100000000)
  eden space 64768K, 0% used [0x00000000f5560000,0x00000000f5560000,0x00000000f94a0000)
  from space 50048K, 18% used [0x00000000f94a0000,0x00000000f9dd2670,0x00000000fc580000)
  to   space 47744K, 0% used [0x00000000fce60000,0x00000000fce60000,0x00000000ffd00000)
 ParOldGen       total 212480K, used 174353K [0x00000000e0000000, 0x00000000ecf80000, 0x00000000f5560000)
  object space 212480K, 82% used [0x00000000e0000000,0x00000000eaa444e8,0x00000000ecf80000)
 PSPermGen       total 28352K, used 17787K [0x00000000dae00000, 0x00000000dc9b0000, 0x00000000e0000000)
  object space 28352K, 62% used [0x00000000dae00000,0x00000000dbf5ee20,0x00000000dc9b0000)
}
Event: 36,333 GC heap before
{Heap before GC invocations=27 (full 3):
 PSYoungGen      total 114816K, used 74185K [0x00000000f5560000, 0x00000000ffd00000, 0x0000000100000000)
  eden space 64768K, 100% used [0x00000000f5560000,0x00000000f94a0000,0x00000000f94a0000)
  from space 50048K, 18% used [0x00000000f94a0000,0x00000000f9dd2670,0x00000000fc580000)
  to   space 47744K, 0% used [0x00000000fce60000,0x00000000fce60000,0x00000000ffd00000)
 ParOldGen       total 212480K, used 174353K [0x00000000e0000000, 0x00000000ecf80000, 0x00000000f5560000)
  object space 212480K, 82% used [0x00000000e0000000,0x00000000eaa444e8,0x00000000ecf80000)
 PSPermGen       total 28352K, used 18109K [0x00000000dae00000, 0x00000000dc9b0000, 0x00000000e0000000)
  object space 28352K, 63% used [0x00000000dae00000,0x00000000dbfaf560,0x00000000dc9b0000)
Event: 36,371 GC heap after
Heap after GC invocations=27 (full 3):
 PSYoungGen      total 117248K, used 10006K [0x00000000f5560000, 0x00000000ff780000, 0x0000000100000000)
  eden space 75136K, 0% used [0x00000000f5560000,0x00000000f5560000,0x00000000f9ec0000)
  from space 42112K, 23% used [0x00000000fce60000,0x00000000fd825ba0,0x00000000ff780000)
  to   space 45440K, 0% used [0x00000000f9ec0000,0x00000000f9ec0000,0x00000000fcb20000)
 ParOldGen       total 212480K, used 174353K [0x00000000e0000000, 0x00000000ecf80000, 0x00000000f5560000)
  object space 212480K, 82% used [0x00000000e0000000,0x00000000eaa444e8,0x00000000ecf80000)
 PSPermGen       total 28352K, used 18109K [0x00000000dae00000, 0x00000000dc9b0000, 0x00000000e0000000)
  object space 28352K, 63% used [0x00000000dae00000,0x00000000dbfaf560,0x00000000dc9b0000)
}

