# JRE version: 7.0_21-b11
# Java VM: Java HotSpot(TM) 64-Bit Server VM (23.21-b01 mixed mode linux-amd64 compressed oops)
Heap
 PSYoungGen      total 107456K, used 69211K [0x00000000f5560000, 0x00000000ff900000, 0x0000000100000000)
  eden space 84928K, 55% used [0x00000000f5560000,0x00000000f8303950,0x00000000fa850000)
  from space 22528K, 99% used [0x00000000fe300000,0x00000000ff8f35d0,0x00000000ff900000)
  to   space 32064K, 0% used [0x00000000fba60000,0x00000000fba60000,0x00000000fd9b0000)
 ParOldGen       total 84736K, used 42238K [0x00000000e0000000, 0x00000000e52c0000, 0x00000000f5560000)
  object space 84736K, 49% used [0x00000000e0000000,0x00000000e293f960,0x00000000e52c0000)
 PSPermGen       total 22272K, used 11169K [0x00000000dae00000, 0x00000000dc3c0000, 0x00000000e0000000)
  object space 22272K, 50% used [0x00000000dae00000,0x00000000db8e8570,0x00000000dc3c0000)
GC Heap History (10 events):
Event: 3,836 GC heap before
{Heap before GC invocations=5 (full 0):
 PSYoungGen      total 34240K, used 34240K [0x00000000f5560000, 0x00000000f7960000, 0x0000000100000000)
  eden space 31616K, 100% used [0x00000000f5560000,0x00000000f7440000,0x00000000f7440000)
  from space 2624K, 100% used [0x00000000f76d0000,0x00000000f7960000,0x00000000f7960000)
  to   space 2624K, 0% used [0x00000000f7440000,0x00000000f7440000,0x00000000f76d0000)
 ParOldGen       total 42240K, used 12123K [0x00000000e0000000, 0x00000000e2940000, 0x00000000f5560000)
  object space 42240K, 28% used [0x00000000e0000000,0x00000000e0bd6f70,0x00000000e2940000)
 PSPermGen       total 21248K, used 10602K [0x00000000dae00000, 0x00000000dc2c0000, 0x00000000e0000000)
  object space 21248K, 49% used [0x00000000dae00000,0x00000000db85a828,0x00000000dc2c0000)
Event: 3,879 GC heap after
Heap after GC invocations=5 (full 0):
 PSYoungGen      total 34240K, used 2624K [0x00000000f5560000, 0x00000000fae80000, 0x0000000100000000)
  eden space 31616K, 0% used [0x00000000f5560000,0x00000000f5560000,0x00000000f7440000)
  from space 2624K, 100% used [0x00000000f7440000,0x00000000f76d0000,0x00000000f76d0000)
  to   space 14016K, 0% used [0x00000000fa0d0000,0x00000000fa0d0000,0x00000000fae80000)
 ParOldGen       total 42240K, used 22531K [0x00000000e0000000, 0x00000000e2940000, 0x00000000f5560000)
  object space 42240K, 53% used [0x00000000e0000000,0x00000000e1600fd0,0x00000000e2940000)
 PSPermGen       total 21248K, used 10602K [0x00000000dae00000, 0x00000000dc2c0000, 0x00000000e0000000)
  object space 21248K, 49% used [0x00000000dae00000,0x00000000db85a828,0x00000000dc2c0000)
}
Event: 4,349 GC heap before
{Heap before GC invocations=6 (full 0):
 PSYoungGen      total 34240K, used 33059K [0x00000000f5560000, 0x00000000fae80000, 0x0000000100000000)
  eden space 31616K, 96% used [0x00000000f5560000,0x00000000f7318e20,0x00000000f7440000)
  from space 2624K, 100% used [0x00000000f7440000,0x00000000f76d0000,0x00000000f76d0000)
  to   space 14016K, 0% used [0x00000000fa0d0000,0x00000000fa0d0000,0x00000000fae80000)
 ParOldGen       total 42240K, used 22531K [0x00000000e0000000, 0x00000000e2940000, 0x00000000f5560000)
  object space 42240K, 53% used [0x00000000e0000000,0x00000000e1600fd0,0x00000000e2940000)
 PSPermGen       total 21248K, used 10630K [0x00000000dae00000, 0x00000000dc2c0000, 0x00000000e0000000)
  object space 21248K, 50% used [0x00000000dae00000,0x00000000db861850,0x00000000dc2c0000)
Event: 4,397 GC heap after
Heap after GC invocations=6 (full 0):
 PSYoungGen      total 74304K, used 13984K [0x00000000f5560000, 0x00000000fb440000, 0x0000000100000000)
  eden space 60288K, 0% used [0x00000000f5560000,0x00000000f5560000,0x00000000f9040000)
  from space 14016K, 99% used [0x00000000fa0d0000,0x00000000fae78050,0x00000000fae80000)
  to   space 16960K, 0% used [0x00000000f9040000,0x00000000f9040000,0x00000000fa0d0000)
 ParOldGen       total 42240K, used 22819K [0x00000000e0000000, 0x00000000e2940000, 0x00000000f5560000)
  object space 42240K, 54% used [0x00000000e0000000,0x00000000e1648fd0,0x00000000e2940000)
 PSPermGen       total 21248K, used 10630K [0x00000000dae00000, 0x00000000dc2c0000, 0x00000000e0000000)
  object space 21248K, 50% used [0x00000000dae00000,0x00000000db861850,0x00000000dc2c0000)
}
Event: 5,544 GC heap before
{Heap before GC invocations=7 (full 0):
 PSYoungGen      total 74304K, used 74272K [0x00000000f5560000, 0x00000000fb440000, 0x0000000100000000)
  eden space 60288K, 100% used [0x00000000f5560000,0x00000000f9040000,0x00000000f9040000)
  from space 14016K, 99% used [0x00000000fa0d0000,0x00000000fae78050,0x00000000fae80000)
  to   space 16960K, 0% used [0x00000000f9040000,0x00000000f9040000,0x00000000fa0d0000)
 ParOldGen       total 42240K, used 22819K [0x00000000e0000000, 0x00000000e2940000, 0x00000000f5560000)
  object space 42240K, 54% used [0x00000000e0000000,0x00000000e1648fd0,0x00000000e2940000)
 PSPermGen       total 21248K, used 10860K [0x00000000dae00000, 0x00000000dc2c0000, 0x00000000e0000000)
  object space 21248K, 51% used [0x00000000dae00000,0x00000000db89b2b0,0x00000000dc2c0000)
Event: 5,651 GC heap after
Heap after GC invocations=7 (full 0):
 PSYoungGen      total 77248K, used 16960K [0x00000000f5560000, 0x0000000100000000, 0x0000000100000000)
  eden space 60288K, 0% used [0x00000000f5560000,0x00000000f5560000,0x00000000f9040000)
  from space 16960K, 100% used [0x00000000f9040000,0x00000000fa0d0000,0x00000000fa0d0000)
  to   space 29696K, 0% used [0x00000000fe300000,0x00000000fe300000,0x0000000100000000)
 ParOldGen       total 42240K, used 41958K [0x00000000e0000000, 0x00000000e2940000, 0x00000000f5560000)
  object space 42240K, 99% used [0x00000000e0000000,0x00000000e28f9a00,0x00000000e2940000)
 PSPermGen       total 21248K, used 10860K [0x00000000dae00000, 0x00000000dc2c0000, 0x00000000e0000000)
  object space 21248K, 51% used [0x00000000dae00000,0x00000000db89b2b0,0x00000000dc2c0000)
}
Event: 5,651 GC heap before
{Heap before GC invocations=8 (full 1):
 PSYoungGen      total 77248K, used 16960K [0x00000000f5560000, 0x0000000100000000, 0x0000000100000000)
  eden space 60288K, 0% used [0x00000000f5560000,0x00000000f5560000,0x00000000f9040000)
  from space 16960K, 100% used [0x00000000f9040000,0x00000000fa0d0000,0x00000000fa0d0000)
  to   space 29696K, 0% used [0x00000000fe300000,0x00000000fe300000,0x0000000100000000)
 ParOldGen       total 42240K, used 41958K [0x00000000e0000000, 0x00000000e2940000, 0x00000000f5560000)
  object space 42240K, 99% used [0x00000000e0000000,0x00000000e28f9a00,0x00000000e2940000)
 PSPermGen       total 21248K, used 10860K [0x00000000dae00000, 0x00000000dc2c0000, 0x00000000e0000000)
  object space 21248K, 51% used [0x00000000dae00000,0x00000000db89b2b0,0x00000000dc2c0000)
Event: 6,138 GC heap after
Heap after GC invocations=8 (full 1):
 PSYoungGen      total 77248K, used 5304K [0x00000000f5560000, 0x0000000100000000, 0x0000000100000000)
  eden space 60288K, 0% used [0x00000000f5560000,0x00000000f5560000,0x00000000f9040000)
  from space 16960K, 31% used [0x00000000f9040000,0x00000000f956e0f0,0x00000000fa0d0000)
  to   space 29696K, 0% used [0x00000000fe300000,0x00000000fe300000,0x0000000100000000)
 ParOldGen       total 84736K, used 42238K [0x00000000e0000000, 0x00000000e52c0000, 0x00000000f5560000)
  object space 84736K, 49% used [0x00000000e0000000,0x00000000e293f960,0x00000000e52c0000)
 PSPermGen       total 22272K, used 10856K [0x00000000dae00000, 0x00000000dc3c0000, 0x00000000e0000000)
  object space 22272K, 48% used [0x00000000dae00000,0x00000000db89a098,0x00000000dc3c0000)
}
Event: 8,809 GC heap before
{Heap before GC invocations=9 (full 1):
 PSYoungGen      total 77248K, used 65592K [0x00000000f5560000, 0x0000000100000000, 0x0000000100000000)
  eden space 60288K, 100% used [0x00000000f5560000,0x00000000f9040000,0x00000000f9040000)
  from space 16960K, 31% used [0x00000000f9040000,0x00000000f956e0f0,0x00000000fa0d0000)
  to   space 29696K, 0% used [0x00000000fe300000,0x00000000fe300000,0x0000000100000000)
 ParOldGen       total 84736K, used 42238K [0x00000000e0000000, 0x00000000e52c0000, 0x00000000f5560000)
  object space 84736K, 49% used [0x00000000e0000000,0x00000000e293f960,0x00000000e52c0000)
 PSPermGen       total 22272K, used 10945K [0x00000000dae00000, 0x00000000dc3c0000, 0x00000000e0000000)
  object space 22272K, 49% used [0x00000000dae00000,0x00000000db8b06c0,0x00000000dc3c0000)
Event: 8,899 GC heap after
Heap after GC invocations=9 (full 1):
 PSYoungGen      total 107456K, used 22477K [0x00000000f5560000, 0x00000000ff900000, 0x0000000100000000)
  eden space 84928K, 0% used [0x00000000f5560000,0x00000000f5560000,0x00000000fa850000)
  from space 22528K, 99% used [0x00000000fe300000,0x00000000ff8f35d0,0x00000000ff900000)
  to   space 32064K, 0% used [0x00000000fba60000,0x00000000fba60000,0x00000000fd9b0000)
 ParOldGen       total 84736K, used 42238K [0x00000000e0000000, 0x00000000e52c0000, 0x00000000f5560000)
  object space 84736K, 49% used [0x00000000e0000000,0x00000000e293f960,0x00000000e52c0000)
 PSPermGen       total 22272K, used 10945K [0x00000000dae00000, 0x00000000dc3c0000, 0x00000000e0000000)
  object space 22272K, 49% used [0x00000000dae00000,0x00000000db8b06c0,0x00000000dc3c0000)
}

